{"/Users/ryota.murakami/laststance/create-react-app-typescript-todo-example-2020/src/ErrorBoundary.tsx": {"path":"/Users/ryota.murakami/laststance/create-react-app-typescript-todo-example-2020/src/ErrorBoundary.tsx","statementMap":{"0":{"start":{"line":13,"column":10},"end":{"line":16,"column":3}},"1":{"start":{"line":19,"column":4},"end":{"line":19,"column":34}},"2":{"start":{"line":23,"column":22},"end":{"line":23,"column":32}},"3":{"start":{"line":24,"column":4},"end":{"line":26,"column":5}},"4":{"start":{"line":25,"column":6},"end":{"line":25,"column":47}},"5":{"start":{"line":27,"column":4},"end":{"line":27,"column":30}},"6":{"start":{"line":33,"column":15},"end":{"line":39,"column":1}},"7":{"start":{"line":41,"column":16},"end":{"line":47,"column":1}},"8":{"start":{"line":49,"column":39},"end":{"line":58,"column":1}},"9":{"start":{"line":50,"column":2},"end":{"line":57,"column":11}}},"fnMap":{"0":{"name":"(anonymous_0)","decl":{"start":{"line":18,"column":2},"end":{"line":18,"column":3}},"loc":{"start":{"line":18,"column":57},"end":{"line":20,"column":3}},"line":18},"1":{"name":"(anonymous_1)","decl":{"start":{"line":22,"column":2},"end":{"line":22,"column":3}},"loc":{"start":{"line":22,"column":22},"end":{"line":28,"column":3}},"line":22},"2":{"name":"(anonymous_2)","decl":{"start":{"line":49,"column":39},"end":{"line":49,"column":40}},"loc":{"start":{"line":50,"column":2},"end":{"line":57,"column":11}},"line":50}},"branchMap":{"0":{"loc":{"start":{"line":24,"column":4},"end":{"line":26,"column":5}},"type":"if","locations":[{"start":{"line":24,"column":4},"end":{"line":26,"column":5}},{"start":{"line":24,"column":4},"end":{"line":26,"column":5}}],"line":24}},"s":{"0":67,"1":0,"2":67,"3":67,"4":0,"5":67,"6":67,"7":67,"8":67,"9":0},"f":{"0":0,"1":67,"2":0},"b":{"0":[0,67]},"_coverageSchema":"1a1c01bbd47fc00a2c39e90264f33305004495a9","hash":"383b2e8cd7e12bc8756cdf030bd7caca38aeab40"}
,"/Users/ryota.murakami/laststance/create-react-app-typescript-todo-example-2020/src/NotFound.tsx": {"path":"/Users/ryota.murakami/laststance/create-react-app-typescript-todo-example-2020/src/NotFound.tsx","statementMap":{"0":{"start":{"line":4,"column":33},"end":{"line":10,"column":1}},"1":{"start":{"line":12,"column":55},"end":{"line":16,"column":1}},"2":{"start":{"line":13,"column":2},"end":{"line":15,"column":8}}},"fnMap":{"0":{"name":"(anonymous_0)","decl":{"start":{"line":12,"column":55},"end":{"line":12,"column":56}},"loc":{"start":{"line":13,"column":2},"end":{"line":15,"column":8}},"line":13}},"branchMap":{},"s":{"0":67,"1":67,"2":3},"f":{"0":3},"b":{},"_coverageSchema":"1a1c01bbd47fc00a2c39e90264f33305004495a9","hash":"27a333e5de5d8917d98e9ee44a620c048a9bee5a"}
,"/Users/ryota.murakami/laststance/create-react-app-typescript-todo-example-2020/src/dataStructure.ts": {"path":"/Users/ryota.murakami/laststance/create-react-app-typescript-todo-example-2020/src/dataStructure.ts","statementMap":{"0":{"start":{"line":22,"column":41},"end":{"line":24,"column":3}},"1":{"start":{"line":25,"column":2},"end":{"line":28,"column":3}},"2":{"start":{"line":26,"column":29},"end":{"line":26,"column":56}},"3":{"start":{"line":27,"column":4},"end":{"line":27,"column":17}},"4":{"start":{"line":30,"column":34},"end":{"line":32,"column":3}},"5":{"start":{"line":34,"column":2},"end":{"line":34,"column":22}},"6":{"start":{"line":37,"column":50},"end":{"line":40,"column":2}}},"fnMap":{"0":{"name":"LoadAppStateFromLocalStorage","decl":{"start":{"line":21,"column":9},"end":{"line":21,"column":37}},"loc":{"start":{"line":21,"column":50},"end":{"line":35,"column":1}},"line":21}},"branchMap":{"0":{"loc":{"start":{"line":25,"column":2},"end":{"line":28,"column":3}},"type":"if","locations":[{"start":{"line":25,"column":2},"end":{"line":28,"column":3}},{"start":{"line":25,"column":2},"end":{"line":28,"column":3}}],"line":25}},"s":{"0":67,"1":67,"2":0,"3":0,"4":67,"5":67,"6":67},"f":{"0":67},"b":{"0":[0,67]},"_coverageSchema":"1a1c01bbd47fc00a2c39e90264f33305004495a9","hash":"031834e3e1a03dc112d35918301e35d3328a9b01"}
,"/Users/ryota.murakami/laststance/create-react-app-typescript-todo-example-2020/src/functions.ts": {"path":"/Users/ryota.murakami/laststance/create-react-app-typescript-todo-example-2020/src/functions.ts","statementMap":{"0":{"start":{"line":1,"column":20},"end":{"line":10,"column":1}},"1":{"start":{"line":2,"column":15},"end":{"line":2,"column":17}},"2":{"start":{"line":4,"column":4},"end":{"line":4,"column":68}},"3":{"start":{"line":5,"column":27},"end":{"line":5,"column":44}},"4":{"start":{"line":6,"column":2},"end":{"line":8,"column":3}},"5":{"start":{"line":6,"column":15},"end":{"line":6,"column":16}},"6":{"start":{"line":7,"column":4},"end":{"line":7,"column":77}},"7":{"start":{"line":9,"column":2},"end":{"line":9,"column":15}}},"fnMap":{"0":{"name":"(anonymous_0)","decl":{"start":{"line":1,"column":20},"end":{"line":1,"column":21}},"loc":{"start":{"line":1,"column":34},"end":{"line":10,"column":1}},"line":1}},"branchMap":{},"s":{"0":67,"1":183,"2":183,"3":183,"4":183,"5":183,"6":2196,"7":183},"f":{"0":183},"b":{},"_coverageSchema":"1a1c01bbd47fc00a2c39e90264f33305004495a9","hash":"e8b48bc287b077181c49cfabc0a32b120c6c68be"}
,"/Users/ryota.murakami/laststance/create-react-app-typescript-todo-example-2020/src/index.tsx": {"path":"/Users/ryota.murakami/laststance/create-react-app-typescript-todo-example-2020/src/index.tsx","statementMap":{"0":{"start":{"line":15,"column":36},"end":{"line":15,"column":69}},"1":{"start":{"line":15,"column":50},"end":{"line":15,"column":69}},"2":{"start":{"line":17,"column":0},"end":{"line":29,"column":1}},"3":{"start":{"line":34,"column":0},"end":{"line":34,"column":24}}},"fnMap":{"0":{"name":"(anonymous_0)","decl":{"start":{"line":15,"column":36},"end":{"line":15,"column":37}},"loc":{"start":{"line":15,"column":50},"end":{"line":15,"column":69}},"line":15}},"branchMap":{},"s":{"0":67,"1":91,"2":67,"3":67},"f":{"0":91},"b":{},"_coverageSchema":"1a1c01bbd47fc00a2c39e90264f33305004495a9","hash":"d40437e7c77c9379ed31520ef636b472ccdb53db"}
,"/Users/ryota.murakami/laststance/create-react-app-typescript-todo-example-2020/src/App/Copyright.tsx": {"path":"/Users/ryota.murakami/laststance/create-react-app-typescript-todo-example-2020/src/App/Copyright.tsx","statementMap":{"0":{"start":{"line":3,"column":28},"end":{"line":12,"column":1}},"1":{"start":{"line":4,"column":2},"end":{"line":11,"column":11}}},"fnMap":{"0":{"name":"(anonymous_0)","decl":{"start":{"line":3,"column":28},"end":{"line":3,"column":29}},"loc":{"start":{"line":4,"column":2},"end":{"line":11,"column":11}},"line":4}},"branchMap":{},"s":{"0":67,"1":586},"f":{"0":586},"b":{},"_coverageSchema":"1a1c01bbd47fc00a2c39e90264f33305004495a9","hash":"492e85b6a45c1e8560ee1db46a5c0202bd278b2a"}
,"/Users/ryota.murakami/laststance/create-react-app-typescript-todo-example-2020/src/App/index.tsx": {"path":"/Users/ryota.murakami/laststance/create-react-app-typescript-todo-example-2020/src/App/index.tsx","statementMap":{"0":{"start":{"line":20,"column":51},"end":{"line":45,"column":1}},"1":{"start":{"line":21,"column":19},"end":{"line":21,"column":56}},"2":{"start":{"line":24,"column":2},"end":{"line":29,"column":16}},"3":{"start":{"line":25,"column":4},"end":{"line":28,"column":5}},"4":{"start":{"line":31,"column":2},"end":{"line":44,"column":3}}},"fnMap":{"0":{"name":"(anonymous_0)","decl":{"start":{"line":20,"column":51},"end":{"line":20,"column":52}},"loc":{"start":{"line":20,"column":65},"end":{"line":45,"column":1}},"line":20},"1":{"name":"(anonymous_1)","decl":{"start":{"line":24,"column":12},"end":{"line":24,"column":13}},"loc":{"start":{"line":24,"column":24},"end":{"line":29,"column":3}},"line":24}},"branchMap":{"0":{"loc":{"start":{"line":35,"column":9},"end":{"line":40,"column":16}},"type":"cond-expr","locations":[{"start":{"line":36,"column":10},"end":{"line":39,"column":13}},{"start":{"line":40,"column":12},"end":{"line":40,"column":16}}],"line":35}},"s":{"0":67,"1":586,"2":586,"3":495,"4":586},"f":{"0":586,"1":495},"b":{"0":[458,128]},"_coverageSchema":"1a1c01bbd47fc00a2c39e90264f33305004495a9","hash":"0109eb98976ffc3b1113ff4d06296c3a064ed83e"}
,"/Users/ryota.murakami/laststance/create-react-app-typescript-todo-example-2020/src/App/style.ts": {"path":"/Users/ryota.murakami/laststance/create-react-app-typescript-todo-example-2020/src/App/style.ts","statementMap":{"0":{"start":{"line":7,"column":22},"end":{"line":67,"column":1}},"1":{"start":{"line":69,"column":20},"end":{"line":86,"column":1}}},"fnMap":{},"branchMap":{},"s":{"0":67,"1":67},"f":{},"b":{},"_coverageSchema":"1a1c01bbd47fc00a2c39e90264f33305004495a9","hash":"8e20e2a40c6b9e15236ea4e9a16cc1a7b779171f"}
,"/Users/ryota.murakami/laststance/create-react-app-typescript-todo-example-2020/src/App/NewTodoInput/index.tsx": {"path":"/Users/ryota.murakami/laststance/create-react-app-typescript-todo-example-2020/src/App/NewTodoInput/index.tsx","statementMap":{"0":{"start":{"line":7,"column":35},"end":{"line":48,"column":1}},"1":{"start":{"line":8,"column":34},"end":{"line":8,"column":71}},"2":{"start":{"line":9,"column":55},"end":{"line":9,"column":84}},"3":{"start":{"line":12,"column":4},"end":{"line":12,"column":42}},"4":{"start":{"line":12,"column":36},"end":{"line":12,"column":42}},"5":{"start":{"line":13,"column":4},"end":{"line":28,"column":5}},"6":{"start":{"line":17,"column":25},"end":{"line":21,"column":7}},"7":{"start":{"line":24,"column":6},"end":{"line":24,"column":61}},"8":{"start":{"line":27,"column":6},"end":{"line":27,"column":34}},"9":{"start":{"line":31,"column":2},"end":{"line":47,"column":3}},"10":{"start":{"line":40,"column":68},"end":{"line":40,"column":78}}},"fnMap":{"0":{"name":"(anonymous_0)","decl":{"start":{"line":7,"column":35},"end":{"line":7,"column":36}},"loc":{"start":{"line":7,"column":41},"end":{"line":48,"column":1}},"line":7},"1":{"name":"addTodo","decl":{"start":{"line":11,"column":11},"end":{"line":11,"column":18}},"loc":{"start":{"line":11,"column":67},"end":{"line":29,"column":3}},"line":11},"2":{"name":"(anonymous_2)","decl":{"start":{"line":40,"column":22},"end":{"line":40,"column":23}},"loc":{"start":{"line":40,"column":68},"end":{"line":40,"column":78}},"line":40}},"branchMap":{"0":{"loc":{"start":{"line":12,"column":4},"end":{"line":12,"column":42}},"type":"if","locations":[{"start":{"line":12,"column":4},"end":{"line":12,"column":42}},{"start":{"line":12,"column":4},"end":{"line":12,"column":42}}],"line":12},"1":{"loc":{"start":{"line":13,"column":4},"end":{"line":28,"column":5}},"type":"if","locations":[{"start":{"line":13,"column":4},"end":{"line":28,"column":5}},{"start":{"line":13,"column":4},"end":{"line":28,"column":5}}],"line":13},"2":{"loc":{"start":{"line":13,"column":8},"end":{"line":13,"column":70}},"type":"binary-expr","locations":[{"start":{"line":13,"column":8},"end":{"line":13,"column":25}},{"start":{"line":13,"column":29},"end":{"line":13,"column":70}}],"line":13}},"s":{"0":67,"1":586,"2":586,"3":938,"4":0,"5":938,"6":183,"7":183,"8":183,"9":586,"10":938},"f":{"0":586,"1":938,"2":938},"b":{"0":[0,938],"1":[183,755],"2":[938,186]},"_coverageSchema":"1a1c01bbd47fc00a2c39e90264f33305004495a9","hash":"29910d4d5ba3e10cbc1bdbf3016752567d0fb37d"}
,"/Users/ryota.murakami/laststance/create-react-app-typescript-todo-example-2020/src/App/NewTodoInput/style.ts": {"path":"/Users/ryota.murakami/laststance/create-react-app-typescript-todo-example-2020/src/App/NewTodoInput/style.ts","statementMap":{"0":{"start":{"line":8,"column":22},"end":{"line":16,"column":1}}},"fnMap":{},"branchMap":{},"s":{"0":67},"f":{},"b":{},"_coverageSchema":"1a1c01bbd47fc00a2c39e90264f33305004495a9","hash":"e1a74262758c7e327021b55c6df8e1939005923a"}
,"/Users/ryota.murakami/laststance/create-react-app-typescript-todo-example-2020/src/App/TodoList/index.tsx": {"path":"/Users/ryota.murakami/laststance/create-react-app-typescript-todo-example-2020/src/App/TodoList/index.tsx","statementMap":{"0":{"start":{"line":11,"column":34},"end":{"line":54,"column":1}},"1":{"start":{"line":12,"column":34},"end":{"line":12,"column":71}},"2":{"start":{"line":16,"column":4},"end":{"line":16,"column":112}},"3":{"start":{"line":16,"column":70},"end":{"line":16,"column":107}},"4":{"start":{"line":19,"column":2},"end":{"line":53,"column":3}},"5":{"start":{"line":34,"column":14},"end":{"line":43,"column":15}},"6":{"start":{"line":36,"column":18},"end":{"line":36,"column":29}},"7":{"start":{"line":38,"column":18},"end":{"line":38,"column":46}},"8":{"start":{"line":40,"column":18},"end":{"line":40,"column":45}},"9":{"start":{"line":42,"column":18},"end":{"line":42,"column":29}},"10":{"start":{"line":47,"column":16},"end":{"line":47,"column":51}}},"fnMap":{"0":{"name":"(anonymous_0)","decl":{"start":{"line":11,"column":34},"end":{"line":11,"column":35}},"loc":{"start":{"line":11,"column":48},"end":{"line":54,"column":1}},"line":11},"1":{"name":"toggleAllCheckbox","decl":{"start":{"line":14,"column":11},"end":{"line":14,"column":28}},"loc":{"start":{"line":14,"column":75},"end":{"line":17,"column":3}},"line":14},"2":{"name":"(anonymous_2)","decl":{"start":{"line":16,"column":50},"end":{"line":16,"column":51}},"loc":{"start":{"line":16,"column":70},"end":{"line":16,"column":107}},"line":16},"3":{"name":"(anonymous_3)","decl":{"start":{"line":33,"column":20},"end":{"line":33,"column":21}},"loc":{"start":{"line":33,"column":42},"end":{"line":44,"column":13}},"line":33},"4":{"name":"(anonymous_4)","decl":{"start":{"line":46,"column":14},"end":{"line":46,"column":15}},"loc":{"start":{"line":46,"column":41},"end":{"line":48,"column":15}},"line":46}},"branchMap":{"0":{"loc":{"start":{"line":34,"column":14},"end":{"line":43,"column":15}},"type":"switch","locations":[{"start":{"line":35,"column":16},"end":{"line":36,"column":29}},{"start":{"line":37,"column":16},"end":{"line":38,"column":46}},{"start":{"line":39,"column":16},"end":{"line":40,"column":45}},{"start":{"line":41,"column":16},"end":{"line":42,"column":29}}],"line":34}},"s":{"0":67,"1":519,"2":14,"3":42,"4":519,"5":1243,"6":1117,"7":90,"8":36,"9":0,"10":1195},"f":{"0":519,"1":14,"2":42,"3":1243,"4":1195},"b":{"0":[1117,90,36,0]},"_coverageSchema":"1a1c01bbd47fc00a2c39e90264f33305004495a9","hash":"bc3dde34780761cf07656553cc9a793692a8b731"}
,"/Users/ryota.murakami/laststance/create-react-app-typescript-todo-example-2020/src/App/TodoList/style.ts": {"path":"/Users/ryota.murakami/laststance/create-react-app-typescript-todo-example-2020/src/App/TodoList/style.ts","statementMap":{"0":{"start":{"line":7,"column":22},"end":{"line":66,"column":1}}},"fnMap":{},"branchMap":{},"s":{"0":67},"f":{},"b":{},"_coverageSchema":"1a1c01bbd47fc00a2c39e90264f33305004495a9","hash":"bd4980ce6e30b7956bfe8d8ac79c0c93c7969e7d"}
,"/Users/ryota.murakami/laststance/create-react-app-typescript-todo-example-2020/src/App/TodoList/Item/index.tsx": {"path":"/Users/ryota.murakami/laststance/create-react-app-typescript-todo-example-2020/src/App/TodoList/Item/index.tsx","statementMap":{"0":{"start":{"line":19,"column":30},"end":{"line":144,"column":1}},"1":{"start":{"line":20,"column":34},"end":{"line":20,"column":71}},"2":{"start":{"line":21,"column":20},"end":{"line":21,"column":49}},"3":{"start":{"line":22,"column":22},"end":{"line":22,"column":39}},"4":{"start":{"line":23,"column":28},"end":{"line":23,"column":42}},"5":{"start":{"line":25,"column":24},"end":{"line":27,"column":3}},"6":{"start":{"line":26,"column":4},"end":{"line":26,"column":30}},"7":{"start":{"line":29,"column":21},"end":{"line":35,"column":3}},"8":{"start":{"line":30,"column":4},"end":{"line":34,"column":5}},"9":{"start":{"line":31,"column":6},"end":{"line":31,"column":33}},"10":{"start":{"line":33,"column":6},"end":{"line":33,"column":25}},"11":{"start":{"line":37,"column":25},"end":{"line":43,"column":3}},"12":{"start":{"line":38,"column":4},"end":{"line":42,"column":5}},"13":{"start":{"line":39,"column":6},"end":{"line":41,"column":7}},"14":{"start":{"line":40,"column":8},"end":{"line":40,"column":35}},"15":{"start":{"line":46,"column":22},"end":{"line":60,"column":3}},"16":{"start":{"line":47,"column":4},"end":{"line":59,"column":5}},"17":{"start":{"line":49,"column":8},"end":{"line":49,"column":34}},"18":{"start":{"line":51,"column":8},"end":{"line":51,"column":24}},"19":{"start":{"line":53,"column":8},"end":{"line":53,"column":26}},"20":{"start":{"line":55,"column":8},"end":{"line":55,"column":17}},"21":{"start":{"line":58,"column":8},"end":{"line":58,"column":17}},"22":{"start":{"line":62,"column":27},"end":{"line":75,"column":3}},"23":{"start":{"line":63,"column":34},"end":{"line":72,"column":6}},"24":{"start":{"line":65,"column":6},"end":{"line":71,"column":7}},"25":{"start":{"line":67,"column":8},"end":{"line":67,"column":48}},"26":{"start":{"line":70,"column":8},"end":{"line":70,"column":16}},"27":{"start":{"line":74,"column":4},"end":{"line":74,"column":38}},"28":{"start":{"line":77,"column":21},"end":{"line":83,"column":3}},"29":{"start":{"line":78,"column":34},"end":{"line":80,"column":5}},"30":{"start":{"line":79,"column":28},"end":{"line":79,"column":46}},"31":{"start":{"line":82,"column":4},"end":{"line":82,"column":38}},"32":{"start":{"line":85,"column":29},"end":{"line":97,"column":3}},"33":{"start":{"line":86,"column":19},"end":{"line":94,"column":5}},"34":{"start":{"line":88,"column":8},"end":{"line":92,"column":9}},"35":{"start":{"line":89,"column":10},"end":{"line":89,"column":51}},"36":{"start":{"line":91,"column":10},"end":{"line":91,"column":18}},"37":{"start":{"line":96,"column":4},"end":{"line":96,"column":37}},"38":{"start":{"line":99,"column":2},"end":{"line":103,"column":31}},"39":{"start":{"line":101,"column":4},"end":{"line":102,"column":31}},"40":{"start":{"line":102,"column":6},"end":{"line":102,"column":31}},"41":{"start":{"line":105,"column":2},"end":{"line":143,"column":3}},"42":{"start":{"line":113,"column":28},"end":{"line":113,"column":53}},"43":{"start":{"line":126,"column":27},"end":{"line":126,"column":46}},"44":{"start":{"line":133,"column":61},"end":{"line":133,"column":74}},"45":{"start":{"line":136,"column":64},"end":{"line":136,"column":94}},"46":{"start":{"line":137,"column":68},"end":{"line":137,"column":85}}},"fnMap":{"0":{"name":"(anonymous_0)","decl":{"start":{"line":19,"column":30},"end":{"line":19,"column":31}},"loc":{"start":{"line":19,"column":44},"end":{"line":144,"column":1}},"line":19},"1":{"name":"(anonymous_1)","decl":{"start":{"line":25,"column":24},"end":{"line":25,"column":25}},"loc":{"start":{"line":25,"column":36},"end":{"line":27,"column":3}},"line":25},"2":{"name":"(anonymous_2)","decl":{"start":{"line":29,"column":21},"end":{"line":29,"column":22}},"loc":{"start":{"line":29,"column":70},"end":{"line":35,"column":3}},"line":29},"3":{"name":"(anonymous_3)","decl":{"start":{"line":37,"column":25},"end":{"line":37,"column":26}},"loc":{"start":{"line":37,"column":77},"end":{"line":43,"column":3}},"line":37},"4":{"name":"(anonymous_4)","decl":{"start":{"line":46,"column":22},"end":{"line":46,"column":23}},"loc":{"start":{"line":46,"column":60},"end":{"line":60,"column":3}},"line":46},"5":{"name":"(anonymous_5)","decl":{"start":{"line":62,"column":27},"end":{"line":62,"column":28}},"loc":{"start":{"line":62,"column":53},"end":{"line":75,"column":3}},"line":62},"6":{"name":"(anonymous_6)","decl":{"start":{"line":63,"column":56},"end":{"line":63,"column":57}},"loc":{"start":{"line":63,"column":63},"end":{"line":72,"column":5}},"line":63},"7":{"name":"(anonymous_7)","decl":{"start":{"line":77,"column":21},"end":{"line":77,"column":22}},"loc":{"start":{"line":77,"column":54},"end":{"line":83,"column":3}},"line":77},"8":{"name":"(anonymous_8)","decl":{"start":{"line":79,"column":6},"end":{"line":79,"column":7}},"loc":{"start":{"line":79,"column":28},"end":{"line":79,"column":46}},"line":79},"9":{"name":"(anonymous_9)","decl":{"start":{"line":85,"column":29},"end":{"line":85,"column":30}},"loc":{"start":{"line":85,"column":99},"end":{"line":97,"column":3}},"line":85},"10":{"name":"(anonymous_10)","decl":{"start":{"line":87,"column":6},"end":{"line":87,"column":7}},"loc":{"start":{"line":87,"column":25},"end":{"line":93,"column":7}},"line":87},"11":{"name":"(anonymous_11)","decl":{"start":{"line":99,"column":12},"end":{"line":99,"column":13}},"loc":{"start":{"line":99,"column":18},"end":{"line":103,"column":3}},"line":99},"12":{"name":"(anonymous_12)","decl":{"start":{"line":113,"column":22},"end":{"line":113,"column":23}},"loc":{"start":{"line":113,"column":28},"end":{"line":113,"column":53}},"line":113},"13":{"name":"(anonymous_13)","decl":{"start":{"line":126,"column":21},"end":{"line":126,"column":22}},"loc":{"start":{"line":126,"column":27},"end":{"line":126,"column":46}},"line":126},"14":{"name":"(anonymous_14)","decl":{"start":{"line":133,"column":18},"end":{"line":133,"column":19}},"loc":{"start":{"line":133,"column":61},"end":{"line":133,"column":74}},"line":133},"15":{"name":"(anonymous_15)","decl":{"start":{"line":136,"column":20},"end":{"line":136,"column":21}},"loc":{"start":{"line":136,"column":64},"end":{"line":136,"column":94}},"line":136},"16":{"name":"(anonymous_16)","decl":{"start":{"line":137,"column":22},"end":{"line":137,"column":23}},"loc":{"start":{"line":137,"column":68},"end":{"line":137,"column":85}},"line":137}},"branchMap":{"0":{"loc":{"start":{"line":30,"column":4},"end":{"line":34,"column":5}},"type":"if","locations":[{"start":{"line":30,"column":4},"end":{"line":34,"column":5}},{"start":{"line":30,"column":4},"end":{"line":34,"column":5}}],"line":30},"1":{"loc":{"start":{"line":38,"column":4},"end":{"line":42,"column":5}},"type":"if","locations":[{"start":{"line":38,"column":4},"end":{"line":42,"column":5}},{"start":{"line":38,"column":4},"end":{"line":42,"column":5}}],"line":38},"2":{"loc":{"start":{"line":38,"column":8},"end":{"line":38,"column":47}},"type":"binary-expr","locations":[{"start":{"line":38,"column":8},"end":{"line":38,"column":25}},{"start":{"line":38,"column":29},"end":{"line":38,"column":47}}],"line":38},"3":{"loc":{"start":{"line":39,"column":6},"end":{"line":41,"column":7}},"type":"if","locations":[{"start":{"line":39,"column":6},"end":{"line":41,"column":7}},{"start":{"line":39,"column":6},"end":{"line":41,"column":7}}],"line":39},"4":{"loc":{"start":{"line":47,"column":4},"end":{"line":59,"column":5}},"type":"switch","locations":[{"start":{"line":48,"column":6},"end":{"line":49,"column":34}},{"start":{"line":50,"column":6},"end":{"line":51,"column":24}},{"start":{"line":52,"column":6},"end":{"line":53,"column":26}},{"start":{"line":54,"column":6},"end":{"line":55,"column":17}},{"start":{"line":57,"column":6},"end":{"line":58,"column":17}}],"line":47},"5":{"loc":{"start":{"line":48,"column":11},"end":{"line":48,"column":32}},"type":"binary-expr","locations":[{"start":{"line":48,"column":11},"end":{"line":48,"column":17}},{"start":{"line":48,"column":21},"end":{"line":48,"column":32}}],"line":48},"6":{"loc":{"start":{"line":50,"column":11},"end":{"line":50,"column":33}},"type":"binary-expr","locations":[{"start":{"line":50,"column":11},"end":{"line":50,"column":17}},{"start":{"line":50,"column":21},"end":{"line":50,"column":33}}],"line":50},"7":{"loc":{"start":{"line":52,"column":11},"end":{"line":52,"column":33}},"type":"binary-expr","locations":[{"start":{"line":52,"column":11},"end":{"line":52,"column":18}},{"start":{"line":52,"column":22},"end":{"line":52,"column":33}}],"line":52},"8":{"loc":{"start":{"line":54,"column":11},"end":{"line":54,"column":34}},"type":"binary-expr","locations":[{"start":{"line":54,"column":11},"end":{"line":54,"column":18}},{"start":{"line":54,"column":22},"end":{"line":54,"column":34}}],"line":54},"9":{"loc":{"start":{"line":65,"column":6},"end":{"line":71,"column":7}},"type":"if","locations":[{"start":{"line":65,"column":6},"end":{"line":71,"column":7}},{"start":{"line":65,"column":6},"end":{"line":71,"column":7}}],"line":65},"10":{"loc":{"start":{"line":88,"column":8},"end":{"line":92,"column":9}},"type":"if","locations":[{"start":{"line":88,"column":8},"end":{"line":92,"column":9}},{"start":{"line":88,"column":8},"end":{"line":92,"column":9}}],"line":88},"11":{"loc":{"start":{"line":101,"column":4},"end":{"line":102,"column":31}},"type":"if","locations":[{"start":{"line":101,"column":4},"end":{"line":102,"column":31}},{"start":{"line":101,"column":4},"end":{"line":102,"column":31}}],"line":101},"12":{"loc":{"start":{"line":101,"column":8},"end":{"line":101,"column":59}},"type":"binary-expr","locations":[{"start":{"line":101,"column":8},"end":{"line":101,"column":29}},{"start":{"line":101,"column":33},"end":{"line":101,"column":59}}],"line":101}},"s":{"0":67,"1":1374,"2":1374,"3":1374,"4":1374,"5":1374,"6":21,"7":1374,"8":21,"9":18,"10":3,"11":1374,"12":162,"13":24,"14":18,"15":1374,"16":1374,"17":54,"18":114,"19":111,"20":1095,"21":0,"22":1374,"23":51,"24":153,"25":51,"26":102,"27":51,"28":1374,"29":9,"30":27,"31":9,"32":1374,"33":147,"34":441,"35":147,"36":294,"37":147,"38":1374,"39":1374,"40":168,"41":1374,"42":51,"43":6,"44":21,"45":147,"46":162},"f":{"0":1374,"1":21,"2":21,"3":162,"4":1374,"5":51,"6":153,"7":9,"8":27,"9":147,"10":441,"11":1374,"12":51,"13":6,"14":21,"15":147,"16":162},"b":{"0":[18,3],"1":[24,138],"2":[162,138],"3":[18,6],"4":[54,114,111,1095,0],"5":[1374,168],"6":[1320,114],"7":[1206,1206],"8":[1095,1095],"9":[51,102],"10":[147,294],"11":[168,1206],"12":[1374,168]},"_coverageSchema":"1a1c01bbd47fc00a2c39e90264f33305004495a9","hash":"cb030062bc5a65cce010cd802ef287518792bfbf"}
,"/Users/ryota.murakami/laststance/create-react-app-typescript-todo-example-2020/src/App/TodoList/Item/style.ts": {"path":"/Users/ryota.murakami/laststance/create-react-app-typescript-todo-example-2020/src/App/TodoList/Item/style.ts","statementMap":{"0":{"start":{"line":8,"column":22},"end":{"line":113,"column":1}}},"fnMap":{},"branchMap":{},"s":{"0":67},"f":{},"b":{},"_coverageSchema":"1a1c01bbd47fc00a2c39e90264f33305004495a9","hash":"b99e247f1aec75f7c05c536509ae7d0a9816fa66"}
,"/Users/ryota.murakami/laststance/create-react-app-typescript-todo-example-2020/src/App/UnderBar/index.tsx": {"path":"/Users/ryota.murakami/laststance/create-react-app-typescript-todo-example-2020/src/App/UnderBar/index.tsx","statementMap":{"0":{"start":{"line":11,"column":34},"end":{"line":43,"column":1}},"1":{"start":{"line":12,"column":34},"end":{"line":12,"column":71}},"2":{"start":{"line":13,"column":28},"end":{"line":13,"column":86}},"3":{"start":{"line":13,"column":58},"end":{"line":13,"column":78}},"4":{"start":{"line":14,"column":27},"end":{"line":14,"column":86}},"5":{"start":{"line":14,"column":57},"end":{"line":14,"column":78}},"6":{"start":{"line":17,"column":4},"end":{"line":19,"column":6}},"7":{"start":{"line":18,"column":54},"end":{"line":18,"column":66}},"8":{"start":{"line":22,"column":2},"end":{"line":42,"column":3}}},"fnMap":{"0":{"name":"(anonymous_0)","decl":{"start":{"line":11,"column":34},"end":{"line":11,"column":35}},"loc":{"start":{"line":11,"column":48},"end":{"line":43,"column":1}},"line":11},"1":{"name":"(anonymous_1)","decl":{"start":{"line":13,"column":53},"end":{"line":13,"column":54}},"loc":{"start":{"line":13,"column":58},"end":{"line":13,"column":78}},"line":13},"2":{"name":"(anonymous_2)","decl":{"start":{"line":14,"column":52},"end":{"line":14,"column":53}},"loc":{"start":{"line":14,"column":57},"end":{"line":14,"column":78}},"line":14},"3":{"name":"clearCompleted","decl":{"start":{"line":16,"column":11},"end":{"line":16,"column":25}},"loc":{"start":{"line":16,"column":34},"end":{"line":20,"column":3}},"line":16},"4":{"name":"(anonymous_4)","decl":{"start":{"line":18,"column":41},"end":{"line":18,"column":42}},"loc":{"start":{"line":18,"column":54},"end":{"line":18,"column":66}},"line":18}},"branchMap":{"0":{"loc":{"start":{"line":31,"column":9},"end":{"line":39,"column":9}},"type":"binary-expr","locations":[{"start":{"line":31,"column":9},"end":{"line":31,"column":22}},{"start":{"line":32,"column":10},"end":{"line":38,"column":19}}],"line":31}},"s":{"0":67,"1":519,"2":519,"3":1243,"4":519,"5":1243,"6":0,"7":0,"8":519},"f":{"0":519,"1":1243,"2":1243,"3":0,"4":0},"b":{"0":[519,133]},"_coverageSchema":"1a1c01bbd47fc00a2c39e90264f33305004495a9","hash":"9e8873544021a0d26c55fccf234538de52eaa0a2"}
,"/Users/ryota.murakami/laststance/create-react-app-typescript-todo-example-2020/src/App/UnderBar/style.ts": {"path":"/Users/ryota.murakami/laststance/create-react-app-typescript-todo-example-2020/src/App/UnderBar/style.ts","statementMap":{"0":{"start":{"line":7,"column":22},"end":{"line":90,"column":1}}},"fnMap":{},"branchMap":{},"s":{"0":67},"f":{},"b":{},"_coverageSchema":"1a1c01bbd47fc00a2c39e90264f33305004495a9","hash":"8a6924f5019a4ff911520bf30be87454015d15dc"}
,"/Users/ryota.murakami/laststance/create-react-app-typescript-todo-example-2020/src/App/UnderBar/FilterLink/index.tsx": {"path":"/Users/ryota.murakami/laststance/create-react-app-typescript-todo-example-2020/src/App/UnderBar/FilterLink/index.tsx","statementMap":{"0":{"start":{"line":9,"column":36},"end":{"line":41,"column":1}},"1":{"start":{"line":10,"column":2},"end":{"line":40,"column":3}}},"fnMap":{"0":{"name":"(anonymous_0)","decl":{"start":{"line":9,"column":36},"end":{"line":9,"column":37}},"loc":{"start":{"line":9,"column":50},"end":{"line":41,"column":1}},"line":9}},"branchMap":{"0":{"loc":{"start":{"line":15,"column":21},"end":{"line":15,"column":51}},"type":"cond-expr","locations":[{"start":{"line":15,"column":36},"end":{"line":15,"column":46}},{"start":{"line":15,"column":49},"end":{"line":15,"column":51}}],"line":15},"1":{"loc":{"start":{"line":24,"column":21},"end":{"line":24,"column":57}},"type":"cond-expr","locations":[{"start":{"line":24,"column":42},"end":{"line":24,"column":52}},{"start":{"line":24,"column":55},"end":{"line":24,"column":57}}],"line":24},"2":{"loc":{"start":{"line":33,"column":21},"end":{"line":33,"column":60}},"type":"cond-expr","locations":[{"start":{"line":33,"column":45},"end":{"line":33,"column":55}},{"start":{"line":33,"column":58},"end":{"line":33,"column":60}}],"line":33}},"s":{"0":67,"1":519},"f":{"0":519},"b":{"0":[477,42],"1":[30,489],"2":[12,507]},"_coverageSchema":"1a1c01bbd47fc00a2c39e90264f33305004495a9","hash":"6aa47a4919fb6812b323da4809bc2138b1fba15a"}
}
