{"total": {"lines":{"total":157,"covered":112,"skipped":0,"pct":71.34},"statements":{"total":163,"covered":117,"skipped":0,"pct":71.78},"functions":{"total":56,"covered":38,"skipped":0,"pct":67.86},"branches":{"total":85,"covered":51,"skipped":0,"pct":60}}
,"/Users/ryota.murakami/repository/create-react-app-typescript-todo-example-2020/src/ErrorBoundary.js": {"lines":{"total":10,"covered":7,"skipped":0,"pct":70},"functions":{"total":3,"covered":1,"skipped":0,"pct":33.33},"statements":{"total":10,"covered":7,"skipped":0,"pct":70},"branches":{"total":2,"covered":1,"skipped":0,"pct":50}}
,"/Users/ryota.murakami/repository/create-react-app-typescript-todo-example-2020/src/NotFound.tsx": {"lines":{"total":3,"covered":3,"skipped":0,"pct":100},"functions":{"total":1,"covered":1,"skipped":0,"pct":100},"statements":{"total":3,"covered":3,"skipped":0,"pct":100},"branches":{"total":0,"covered":0,"skipped":0,"pct":100}}
,"/Users/ryota.murakami/repository/create-react-app-typescript-todo-example-2020/src/functions.ts": {"lines":{"total":7,"covered":7,"skipped":0,"pct":100},"functions":{"total":1,"covered":1,"skipped":0,"pct":100},"statements":{"total":8,"covered":8,"skipped":0,"pct":100},"branches":{"total":0,"covered":0,"skipped":0,"pct":100}}
,"/Users/ryota.murakami/repository/create-react-app-typescript-todo-example-2020/src/index.tsx": {"lines":{"total":10,"covered":8,"skipped":0,"pct":80},"functions":{"total":2,"covered":2,"skipped":0,"pct":100},"statements":{"total":11,"covered":9,"skipped":0,"pct":81.82},"branches":{"total":2,"covered":1,"skipped":0,"pct":50}}
,"/Users/ryota.murakami/repository/create-react-app-typescript-todo-example-2020/src/serviceWorker.ts": {"lines":{"total":38,"covered":2,"skipped":0,"pct":5.26},"functions":{"total":15,"covered":1,"skipped":0,"pct":6.67},"statements":{"total":38,"covered":2,"skipped":0,"pct":5.26},"branches":{"total":32,"covered":3,"skipped":0,"pct":9.38}}
,"/Users/ryota.murakami/repository/create-react-app-typescript-todo-example-2020/src/App/Copyright.tsx": {"lines":{"total":2,"covered":2,"skipped":0,"pct":100},"functions":{"total":1,"covered":1,"skipped":0,"pct":100},"statements":{"total":2,"covered":2,"skipped":0,"pct":100},"branches":{"total":0,"covered":0,"skipped":0,"pct":100}}
,"/Users/ryota.murakami/repository/create-react-app-typescript-todo-example-2020/src/App/index.tsx": {"lines":{"total":5,"covered":5,"skipped":0,"pct":100},"functions":{"total":2,"covered":2,"skipped":0,"pct":100},"statements":{"total":5,"covered":5,"skipped":0,"pct":100},"branches":{"total":2,"covered":2,"skipped":0,"pct":100}}
,"/Users/ryota.murakami/repository/create-react-app-typescript-todo-example-2020/src/App/style.ts": {"lines":{"total":2,"covered":2,"skipped":0,"pct":100},"functions":{"total":0,"covered":0,"skipped":0,"pct":100},"statements":{"total":2,"covered":2,"skipped":0,"pct":100},"branches":{"total":0,"covered":0,"skipped":0,"pct":100}}
,"/Users/ryota.murakami/repository/create-react-app-typescript-todo-example-2020/src/App/Menu/index.tsx": {"lines":{"total":7,"covered":5,"skipped":0,"pct":71.43},"functions":{"total":5,"covered":3,"skipped":0,"pct":60},"statements":{"total":9,"covered":7,"skipped":0,"pct":77.78},"branches":{"total":2,"covered":2,"skipped":0,"pct":100}}
,"/Users/ryota.murakami/repository/create-react-app-typescript-todo-example-2020/src/App/Menu/style.ts": {"lines":{"total":1,"covered":1,"skipped":0,"pct":100},"functions":{"total":0,"covered":0,"skipped":0,"pct":100},"statements":{"total":1,"covered":1,"skipped":0,"pct":100},"branches":{"total":0,"covered":0,"skipped":0,"pct":100}}
,"/Users/ryota.murakami/repository/create-react-app-typescript-todo-example-2020/src/App/Menu/FilterLink/index.tsx": {"lines":{"total":2,"covered":2,"skipped":0,"pct":100},"functions":{"total":1,"covered":1,"skipped":0,"pct":100},"statements":{"total":2,"covered":2,"skipped":0,"pct":100},"branches":{"total":6,"covered":6,"skipped":0,"pct":100}}
,"/Users/ryota.murakami/repository/create-react-app-typescript-todo-example-2020/src/App/TodoList/index.tsx": {"lines":{"total":10,"covered":9,"skipped":0,"pct":90},"functions":{"total":5,"covered":5,"skipped":0,"pct":100},"statements":{"total":11,"covered":10,"skipped":0,"pct":90.91},"branches":{"total":4,"covered":3,"skipped":0,"pct":75}}
,"/Users/ryota.murakami/repository/create-react-app-typescript-todo-example-2020/src/App/TodoList/style.ts": {"lines":{"total":1,"covered":1,"skipped":0,"pct":100},"functions":{"total":0,"covered":0,"skipped":0,"pct":100},"statements":{"total":1,"covered":1,"skipped":0,"pct":100},"branches":{"total":0,"covered":0,"skipped":0,"pct":100}}
,"/Users/ryota.murakami/repository/create-react-app-typescript-todo-example-2020/src/App/TodoList/Item/index.tsx": {"lines":{"total":47,"covered":46,"skipped":0,"pct":97.87},"functions":{"total":17,"covered":17,"skipped":0,"pct":100},"statements":{"total":47,"covered":46,"skipped":0,"pct":97.87},"branches":{"total":29,"covered":28,"skipped":0,"pct":96.55}}
,"/Users/ryota.murakami/repository/create-react-app-typescript-todo-example-2020/src/App/TodoList/Item/style.ts": {"lines":{"total":1,"covered":1,"skipped":0,"pct":100},"functions":{"total":0,"covered":0,"skipped":0,"pct":100},"statements":{"total":1,"covered":1,"skipped":0,"pct":100},"branches":{"total":0,"covered":0,"skipped":0,"pct":100}}
,"/Users/ryota.murakami/repository/create-react-app-typescript-todo-example-2020/src/App/TodoTextInput/index.tsx": {"lines":{"total":10,"covered":10,"skipped":0,"pct":100},"functions":{"total":3,"covered":3,"skipped":0,"pct":100},"statements":{"total":11,"covered":10,"skipped":0,"pct":90.91},"branches":{"total":6,"covered":5,"skipped":0,"pct":83.33}}
,"/Users/ryota.murakami/repository/create-react-app-typescript-todo-example-2020/src/App/TodoTextInput/style.ts": {"lines":{"total":1,"covered":1,"skipped":0,"pct":100},"functions":{"total":0,"covered":0,"skipped":0,"pct":100},"statements":{"total":1,"covered":1,"skipped":0,"pct":100},"branches":{"total":0,"covered":0,"skipped":0,"pct":100}}
}
