{"/Users/ryota.murakami/repository/create-react-app-typescript-todo-example-2020/src/ErrorBoundary.js": {"path":"/Users/ryota.murakami/repository/create-react-app-typescript-todo-example-2020/src/ErrorBoundary.js","statementMap":{"0":{"start":{"line":8,"column":10},"end":{"line":11,"column":3}},"1":{"start":{"line":14,"column":4},"end":{"line":14,"column":34}},"2":{"start":{"line":18,"column":22},"end":{"line":18,"column":32}},"3":{"start":{"line":19,"column":4},"end":{"line":21,"column":5}},"4":{"start":{"line":20,"column":6},"end":{"line":20,"column":47}},"5":{"start":{"line":22,"column":4},"end":{"line":22,"column":30}},"6":{"start":{"line":28,"column":18},"end":{"line":34,"column":1}},"7":{"start":{"line":36,"column":16},"end":{"line":42,"column":1}},"8":{"start":{"line":44,"column":39},"end":{"line":53,"column":1}},"9":{"start":{"line":45,"column":2},"end":{"line":52,"column":14}}},"fnMap":{"0":{"name":"(anonymous_0)","decl":{"start":{"line":13,"column":2},"end":{"line":13,"column":3}},"loc":{"start":{"line":13,"column":33},"end":{"line":15,"column":3}},"line":13},"1":{"name":"(anonymous_1)","decl":{"start":{"line":17,"column":2},"end":{"line":17,"column":3}},"loc":{"start":{"line":17,"column":11},"end":{"line":23,"column":3}},"line":17},"2":{"name":"(anonymous_2)","decl":{"start":{"line":44,"column":39},"end":{"line":44,"column":40}},"loc":{"start":{"line":45,"column":2},"end":{"line":52,"column":14}},"line":45}},"branchMap":{"0":{"loc":{"start":{"line":19,"column":4},"end":{"line":21,"column":5}},"type":"if","locations":[{"start":{"line":19,"column":4},"end":{"line":21,"column":5}},{"start":{"line":19,"column":4},"end":{"line":21,"column":5}}],"line":19}},"s":{"0":51,"1":0,"2":51,"3":51,"4":0,"5":51,"6":51,"7":51,"8":51,"9":0},"f":{"0":0,"1":51,"2":0},"b":{"0":[0,51]},"_coverageSchema":"43e27e138ebf9cfc5966b082cf9a028302ed4184","hash":"4e67464f69531023b55c11dd0ea024bbae0434f4"}
,"/Users/ryota.murakami/repository/create-react-app-typescript-todo-example-2020/src/NotFound.tsx": {"path":"/Users/ryota.murakami/repository/create-react-app-typescript-todo-example-2020/src/NotFound.tsx","statementMap":{"0":{"start":{"line":4,"column":33},"end":{"line":10,"column":1}},"1":{"start":{"line":12,"column":55},"end":{"line":16,"column":1}},"2":{"start":{"line":13,"column":2},"end":{"line":15,"column":8}}},"fnMap":{"0":{"name":"(anonymous_0)","decl":{"start":{"line":12,"column":55},"end":{"line":12,"column":56}},"loc":{"start":{"line":13,"column":2},"end":{"line":15,"column":8}},"line":13}},"branchMap":{},"s":{"0":51,"1":51,"2":3},"f":{"0":3},"b":{},"_coverageSchema":"43e27e138ebf9cfc5966b082cf9a028302ed4184","hash":"2c5053e43822e6305711e79374680b2bf474be07"}
,"/Users/ryota.murakami/repository/create-react-app-typescript-todo-example-2020/src/functions.ts": {"path":"/Users/ryota.murakami/repository/create-react-app-typescript-todo-example-2020/src/functions.ts","statementMap":{"0":{"start":{"line":1,"column":20},"end":{"line":10,"column":1}},"1":{"start":{"line":2,"column":15},"end":{"line":2,"column":17}},"2":{"start":{"line":4,"column":4},"end":{"line":4,"column":68}},"3":{"start":{"line":5,"column":27},"end":{"line":5,"column":44}},"4":{"start":{"line":6,"column":2},"end":{"line":8,"column":3}},"5":{"start":{"line":6,"column":15},"end":{"line":6,"column":16}},"6":{"start":{"line":7,"column":4},"end":{"line":7,"column":77}},"7":{"start":{"line":9,"column":2},"end":{"line":9,"column":15}}},"fnMap":{"0":{"name":"(anonymous_0)","decl":{"start":{"line":1,"column":20},"end":{"line":1,"column":21}},"loc":{"start":{"line":1,"column":34},"end":{"line":10,"column":1}},"line":1}},"branchMap":{},"s":{"0":51,"1":135,"2":135,"3":135,"4":135,"5":135,"6":1620,"7":135},"f":{"0":135},"b":{},"_coverageSchema":"43e27e138ebf9cfc5966b082cf9a028302ed4184","hash":"82b0e5e1ed856580eeffdb241634e0358a49f5a4"}
,"/Users/ryota.murakami/repository/create-react-app-typescript-todo-example-2020/src/index.tsx": {"path":"/Users/ryota.murakami/repository/create-react-app-typescript-todo-example-2020/src/index.tsx","statementMap":{"0":{"start":{"line":25,"column":32},"end":{"line":27,"column":1}},"1":{"start":{"line":30,"column":41},"end":{"line":32,"column":3}},"2":{"start":{"line":33,"column":2},"end":{"line":36,"column":3}},"3":{"start":{"line":34,"column":29},"end":{"line":34,"column":56}},"4":{"start":{"line":35,"column":4},"end":{"line":35,"column":17}},"5":{"start":{"line":38,"column":2},"end":{"line":38,"column":22}},"6":{"start":{"line":41,"column":24},"end":{"line":41,"column":70}},"7":{"start":{"line":46,"column":36},"end":{"line":46,"column":69}},"8":{"start":{"line":46,"column":50},"end":{"line":46,"column":69}},"9":{"start":{"line":48,"column":0},"end":{"line":60,"column":1}},"10":{"start":{"line":65,"column":0},"end":{"line":65,"column":24}}},"fnMap":{"0":{"name":"LoadingAppStateFromLocalStorage","decl":{"start":{"line":29,"column":9},"end":{"line":29,"column":40}},"loc":{"start":{"line":29,"column":76},"end":{"line":39,"column":1}},"line":29},"1":{"name":"(anonymous_1)","decl":{"start":{"line":46,"column":36},"end":{"line":46,"column":37}},"loc":{"start":{"line":46,"column":50},"end":{"line":46,"column":69}},"line":46}},"branchMap":{"0":{"loc":{"start":{"line":33,"column":2},"end":{"line":36,"column":3}},"type":"if","locations":[{"start":{"line":33,"column":2},"end":{"line":36,"column":3}},{"start":{"line":33,"column":2},"end":{"line":36,"column":3}}],"line":33}},"s":{"0":51,"1":51,"2":51,"3":0,"4":0,"5":51,"6":51,"7":51,"8":69,"9":51,"10":51},"f":{"0":51,"1":69},"b":{"0":[0,51]},"_coverageSchema":"43e27e138ebf9cfc5966b082cf9a028302ed4184","hash":"dd54cc2058aa3d216252279b7e7e91bb9c0d202c"}
,"/Users/ryota.murakami/repository/create-react-app-typescript-todo-example-2020/src/serviceWorker.ts": {"path":"/Users/ryota.murakami/repository/create-react-app-typescript-todo-example-2020/src/serviceWorker.ts","statementMap":{"0":{"start":{"line":13,"column":20},"end":{"line":21,"column":1}},"1":{"start":{"line":29,"column":2},"end":{"line":63,"column":3}},"2":{"start":{"line":31,"column":22},"end":{"line":34,"column":5}},"3":{"start":{"line":35,"column":4},"end":{"line":40,"column":5}},"4":{"start":{"line":39,"column":6},"end":{"line":39,"column":12}},"5":{"start":{"line":42,"column":4},"end":{"line":62,"column":6}},"6":{"start":{"line":43,"column":20},"end":{"line":43,"column":65}},"7":{"start":{"line":45,"column":6},"end":{"line":61,"column":7}},"8":{"start":{"line":47,"column":8},"end":{"line":47,"column":46}},"9":{"start":{"line":51,"column":8},"end":{"line":57,"column":10}},"10":{"start":{"line":53,"column":10},"end":{"line":56,"column":11}},"11":{"start":{"line":60,"column":8},"end":{"line":60,"column":38}},"12":{"start":{"line":67,"column":2},"end":{"line":110,"column":6}},"13":{"start":{"line":70,"column":6},"end":{"line":105,"column":7}},"14":{"start":{"line":71,"column":33},"end":{"line":71,"column":56}},"15":{"start":{"line":72,"column":8},"end":{"line":74,"column":9}},"16":{"start":{"line":73,"column":10},"end":{"line":73,"column":16}},"17":{"start":{"line":75,"column":8},"end":{"line":104,"column":9}},"18":{"start":{"line":76,"column":10},"end":{"line":103,"column":11}},"19":{"start":{"line":77,"column":12},"end":{"line":102,"column":13}},"20":{"start":{"line":82,"column":14},"end":{"line":85,"column":15}},"21":{"start":{"line":88,"column":14},"end":{"line":90,"column":15}},"22":{"start":{"line":89,"column":16},"end":{"line":89,"column":45}},"23":{"start":{"line":96,"column":14},"end":{"line":96,"column":63}},"24":{"start":{"line":99,"column":14},"end":{"line":101,"column":15}},"25":{"start":{"line":100,"column":16},"end":{"line":100,"column":46}},"26":{"start":{"line":109,"column":6},"end":{"line":109,"column":71}},"27":{"start":{"line":115,"column":2},"end":{"line":139,"column":6}},"28":{"start":{"line":118,"column":26},"end":{"line":118,"column":62}},"29":{"start":{"line":119,"column":6},"end":{"line":132,"column":7}},"30":{"start":{"line":124,"column":8},"end":{"line":128,"column":10}},"31":{"start":{"line":125,"column":10},"end":{"line":127,"column":12}},"32":{"start":{"line":126,"column":12},"end":{"line":126,"column":36}},"33":{"start":{"line":131,"column":8},"end":{"line":131,"column":38}},"34":{"start":{"line":136,"column":6},"end":{"line":138,"column":7}},"35":{"start":{"line":143,"column":2},"end":{"line":147,"column":3}},"36":{"start":{"line":144,"column":4},"end":{"line":146,"column":6}},"37":{"start":{"line":145,"column":6},"end":{"line":145,"column":31}}},"fnMap":{"0":{"name":"register","decl":{"start":{"line":28,"column":16},"end":{"line":28,"column":24}},"loc":{"start":{"line":28,"column":48},"end":{"line":64,"column":1}},"line":28},"1":{"name":"(anonymous_1)","decl":{"start":{"line":42,"column":36},"end":{"line":42,"column":37}},"loc":{"start":{"line":42,"column":48},"end":{"line":62,"column":5}},"line":42},"2":{"name":"(anonymous_2)","decl":{"start":{"line":51,"column":43},"end":{"line":51,"column":44}},"loc":{"start":{"line":51,"column":55},"end":{"line":57,"column":9}},"line":51},"3":{"name":"registerValidSW","decl":{"start":{"line":66,"column":9},"end":{"line":66,"column":24}},"loc":{"start":{"line":66,"column":63},"end":{"line":111,"column":1}},"line":66},"4":{"name":"(anonymous_4)","decl":{"start":{"line":69,"column":10},"end":{"line":69,"column":11}},"loc":{"start":{"line":69,"column":34},"end":{"line":106,"column":5}},"line":69},"5":{"name":"(anonymous_5)","decl":{"start":{"line":70,"column":35},"end":{"line":70,"column":36}},"loc":{"start":{"line":70,"column":47},"end":{"line":105,"column":7}},"line":70},"6":{"name":"(anonymous_6)","decl":{"start":{"line":75,"column":41},"end":{"line":75,"column":42}},"loc":{"start":{"line":75,"column":53},"end":{"line":104,"column":9}},"line":75},"7":{"name":"(anonymous_7)","decl":{"start":{"line":107,"column":11},"end":{"line":107,"column":12}},"loc":{"start":{"line":107,"column":28},"end":{"line":110,"column":5}},"line":107},"8":{"name":"checkValidServiceWorker","decl":{"start":{"line":113,"column":9},"end":{"line":113,"column":32}},"loc":{"start":{"line":113,"column":71},"end":{"line":140,"column":1}},"line":113},"9":{"name":"(anonymous_9)","decl":{"start":{"line":116,"column":10},"end":{"line":116,"column":11}},"loc":{"start":{"line":116,"column":30},"end":{"line":133,"column":5}},"line":116},"10":{"name":"(anonymous_10)","decl":{"start":{"line":124,"column":43},"end":{"line":124,"column":44}},"loc":{"start":{"line":124,"column":67},"end":{"line":128,"column":9}},"line":124},"11":{"name":"(anonymous_11)","decl":{"start":{"line":125,"column":41},"end":{"line":125,"column":42}},"loc":{"start":{"line":125,"column":53},"end":{"line":127,"column":11}},"line":125},"12":{"name":"(anonymous_12)","decl":{"start":{"line":134,"column":11},"end":{"line":134,"column":12}},"loc":{"start":{"line":134,"column":23},"end":{"line":139,"column":5}},"line":134},"13":{"name":"unregister","decl":{"start":{"line":142,"column":16},"end":{"line":142,"column":26}},"loc":{"start":{"line":142,"column":35},"end":{"line":148,"column":1}},"line":142},"14":{"name":"(anonymous_14)","decl":{"start":{"line":144,"column":39},"end":{"line":144,"column":40}},"loc":{"start":{"line":144,"column":63},"end":{"line":146,"column":5}},"line":144}},"branchMap":{"0":{"loc":{"start":{"line":14,"column":2},"end":{"line":20,"column":5}},"type":"binary-expr","locations":[{"start":{"line":14,"column":2},"end":{"line":14,"column":42}},{"start":{"line":16,"column":4},"end":{"line":16,"column":40}},{"start":{"line":18,"column":4},"end":{"line":20,"column":5}}],"line":14},"1":{"loc":{"start":{"line":29,"column":2},"end":{"line":63,"column":3}},"type":"if","locations":[{"start":{"line":29,"column":2},"end":{"line":63,"column":3}},{"start":{"line":29,"column":2},"end":{"line":63,"column":3}}],"line":29},"2":{"loc":{"start":{"line":29,"column":6},"end":{"line":29,"column":75}},"type":"binary-expr","locations":[{"start":{"line":29,"column":6},"end":{"line":29,"column":43}},{"start":{"line":29,"column":47},"end":{"line":29,"column":75}}],"line":29},"3":{"loc":{"start":{"line":35,"column":4},"end":{"line":40,"column":5}},"type":"if","locations":[{"start":{"line":35,"column":4},"end":{"line":40,"column":5}},{"start":{"line":35,"column":4},"end":{"line":40,"column":5}}],"line":35},"4":{"loc":{"start":{"line":45,"column":6},"end":{"line":61,"column":7}},"type":"if","locations":[{"start":{"line":45,"column":6},"end":{"line":61,"column":7}},{"start":{"line":45,"column":6},"end":{"line":61,"column":7}}],"line":45},"5":{"loc":{"start":{"line":72,"column":8},"end":{"line":74,"column":9}},"type":"if","locations":[{"start":{"line":72,"column":8},"end":{"line":74,"column":9}},{"start":{"line":72,"column":8},"end":{"line":74,"column":9}}],"line":72},"6":{"loc":{"start":{"line":76,"column":10},"end":{"line":103,"column":11}},"type":"if","locations":[{"start":{"line":76,"column":10},"end":{"line":103,"column":11}},{"start":{"line":76,"column":10},"end":{"line":103,"column":11}}],"line":76},"7":{"loc":{"start":{"line":77,"column":12},"end":{"line":102,"column":13}},"type":"if","locations":[{"start":{"line":77,"column":12},"end":{"line":102,"column":13}},{"start":{"line":77,"column":12},"end":{"line":102,"column":13}}],"line":77},"8":{"loc":{"start":{"line":88,"column":14},"end":{"line":90,"column":15}},"type":"if","locations":[{"start":{"line":88,"column":14},"end":{"line":90,"column":15}},{"start":{"line":88,"column":14},"end":{"line":90,"column":15}}],"line":88},"9":{"loc":{"start":{"line":88,"column":18},"end":{"line":88,"column":43}},"type":"binary-expr","locations":[{"start":{"line":88,"column":18},"end":{"line":88,"column":24}},{"start":{"line":88,"column":28},"end":{"line":88,"column":43}}],"line":88},"10":{"loc":{"start":{"line":99,"column":14},"end":{"line":101,"column":15}},"type":"if","locations":[{"start":{"line":99,"column":14},"end":{"line":101,"column":15}},{"start":{"line":99,"column":14},"end":{"line":101,"column":15}}],"line":99},"11":{"loc":{"start":{"line":99,"column":18},"end":{"line":99,"column":44}},"type":"binary-expr","locations":[{"start":{"line":99,"column":18},"end":{"line":99,"column":24}},{"start":{"line":99,"column":28},"end":{"line":99,"column":44}}],"line":99},"12":{"loc":{"start":{"line":119,"column":6},"end":{"line":132,"column":7}},"type":"if","locations":[{"start":{"line":119,"column":6},"end":{"line":132,"column":7}},{"start":{"line":119,"column":6},"end":{"line":132,"column":7}}],"line":119},"13":{"loc":{"start":{"line":120,"column":8},"end":{"line":121,"column":73}},"type":"binary-expr","locations":[{"start":{"line":120,"column":8},"end":{"line":120,"column":31}},{"start":{"line":121,"column":9},"end":{"line":121,"column":28}},{"start":{"line":121,"column":32},"end":{"line":121,"column":72}}],"line":120},"14":{"loc":{"start":{"line":143,"column":2},"end":{"line":147,"column":3}},"type":"if","locations":[{"start":{"line":143,"column":2},"end":{"line":147,"column":3}},{"start":{"line":143,"column":2},"end":{"line":147,"column":3}}],"line":143}},"s":{"0":51,"1":51,"2":0,"3":0,"4":0,"5":0,"6":0,"7":0,"8":0,"9":0,"10":0,"11":0,"12":0,"13":0,"14":0,"15":0,"16":0,"17":0,"18":0,"19":0,"20":0,"21":0,"22":0,"23":0,"24":0,"25":0,"26":0,"27":0,"28":0,"29":0,"30":0,"31":0,"32":0,"33":0,"34":0,"35":0,"36":0,"37":0},"f":{"0":51,"1":0,"2":0,"3":0,"4":0,"5":0,"6":0,"7":0,"8":0,"9":0,"10":0,"11":0,"12":0,"13":0,"14":0},"b":{"0":[51,0,0],"1":[0,51],"2":[51,0],"3":[0,0],"4":[0,0],"5":[0,0],"6":[0,0],"7":[0,0],"8":[0,0],"9":[0,0],"10":[0,0],"11":[0,0],"12":[0,0],"13":[0,0,0],"14":[0,0]},"_coverageSchema":"43e27e138ebf9cfc5966b082cf9a028302ed4184","hash":"c39da4103bd04dbbba9779fc330cd49acd811161"}
,"/Users/ryota.murakami/repository/create-react-app-typescript-todo-example-2020/src/App/Copyright.tsx": {"path":"/Users/ryota.murakami/repository/create-react-app-typescript-todo-example-2020/src/App/Copyright.tsx","statementMap":{"0":{"start":{"line":3,"column":28},"end":{"line":12,"column":1}},"1":{"start":{"line":4,"column":2},"end":{"line":11,"column":11}}},"fnMap":{"0":{"name":"(anonymous_0)","decl":{"start":{"line":3,"column":28},"end":{"line":3,"column":29}},"loc":{"start":{"line":4,"column":2},"end":{"line":11,"column":11}},"line":4}},"branchMap":{},"s":{"0":51,"1":383},"f":{"0":383},"b":{},"_coverageSchema":"43e27e138ebf9cfc5966b082cf9a028302ed4184","hash":"a45f50dec3eb9df020dfbdd5476878862dbd3a16"}
,"/Users/ryota.murakami/repository/create-react-app-typescript-todo-example-2020/src/App/index.tsx": {"path":"/Users/ryota.murakami/repository/create-react-app-typescript-todo-example-2020/src/App/index.tsx","statementMap":{"0":{"start":{"line":19,"column":51},"end":{"line":44,"column":1}},"1":{"start":{"line":20,"column":21},"end":{"line":20,"column":44}},"2":{"start":{"line":23,"column":2},"end":{"line":28,"column":16}},"3":{"start":{"line":24,"column":4},"end":{"line":27,"column":5}},"4":{"start":{"line":30,"column":2},"end":{"line":43,"column":3}}},"fnMap":{"0":{"name":"(anonymous_0)","decl":{"start":{"line":19,"column":51},"end":{"line":19,"column":52}},"loc":{"start":{"line":19,"column":65},"end":{"line":44,"column":1}},"line":19},"1":{"name":"(anonymous_1)","decl":{"start":{"line":23,"column":12},"end":{"line":23,"column":13}},"loc":{"start":{"line":23,"column":24},"end":{"line":28,"column":3}},"line":23}},"branchMap":{"0":{"loc":{"start":{"line":34,"column":9},"end":{"line":39,"column":16}},"type":"cond-expr","locations":[{"start":{"line":35,"column":10},"end":{"line":38,"column":13}},{"start":{"line":39,"column":12},"end":{"line":39,"column":16}}],"line":34}},"s":{"0":51,"1":383,"2":383,"3":383,"4":383},"f":{"0":383,"1":383},"b":{"0":[335,48]},"_coverageSchema":"43e27e138ebf9cfc5966b082cf9a028302ed4184","hash":"1d2c0da76353f48bc07348a01fce67e5b6ae1573"}
,"/Users/ryota.murakami/repository/create-react-app-typescript-todo-example-2020/src/App/style.ts": {"path":"/Users/ryota.murakami/repository/create-react-app-typescript-todo-example-2020/src/App/style.ts","statementMap":{"0":{"start":{"line":7,"column":25},"end":{"line":67,"column":1}},"1":{"start":{"line":69,"column":20},"end":{"line":86,"column":1}}},"fnMap":{},"branchMap":{},"s":{"0":51,"1":51},"f":{},"b":{},"_coverageSchema":"43e27e138ebf9cfc5966b082cf9a028302ed4184","hash":"5b08f6c7163a9f2bd71cd7d2ed1b6db1cc615b66"}
,"/Users/ryota.murakami/repository/create-react-app-typescript-todo-example-2020/src/App/Menu/index.tsx": {"path":"/Users/ryota.murakami/repository/create-react-app-typescript-todo-example-2020/src/App/Menu/index.tsx","statementMap":{"0":{"start":{"line":11,"column":30},"end":{"line":43,"column":1}},"1":{"start":{"line":12,"column":34},"end":{"line":12,"column":57}},"2":{"start":{"line":13,"column":28},"end":{"line":13,"column":86}},"3":{"start":{"line":13,"column":58},"end":{"line":13,"column":78}},"4":{"start":{"line":14,"column":27},"end":{"line":14,"column":86}},"5":{"start":{"line":14,"column":57},"end":{"line":14,"column":78}},"6":{"start":{"line":17,"column":4},"end":{"line":19,"column":6}},"7":{"start":{"line":18,"column":54},"end":{"line":18,"column":66}},"8":{"start":{"line":22,"column":2},"end":{"line":42,"column":3}}},"fnMap":{"0":{"name":"(anonymous_0)","decl":{"start":{"line":11,"column":30},"end":{"line":11,"column":31}},"loc":{"start":{"line":11,"column":44},"end":{"line":43,"column":1}},"line":11},"1":{"name":"(anonymous_1)","decl":{"start":{"line":13,"column":53},"end":{"line":13,"column":54}},"loc":{"start":{"line":13,"column":58},"end":{"line":13,"column":78}},"line":13},"2":{"name":"(anonymous_2)","decl":{"start":{"line":14,"column":52},"end":{"line":14,"column":53}},"loc":{"start":{"line":14,"column":57},"end":{"line":14,"column":78}},"line":14},"3":{"name":"clearCompleted","decl":{"start":{"line":16,"column":11},"end":{"line":16,"column":25}},"loc":{"start":{"line":16,"column":34},"end":{"line":20,"column":3}},"line":16},"4":{"name":"(anonymous_4)","decl":{"start":{"line":18,"column":41},"end":{"line":18,"column":42}},"loc":{"start":{"line":18,"column":54},"end":{"line":18,"column":66}},"line":18}},"branchMap":{"0":{"loc":{"start":{"line":31,"column":9},"end":{"line":39,"column":9}},"type":"binary-expr","locations":[{"start":{"line":31,"column":9},"end":{"line":31,"column":22}},{"start":{"line":32,"column":10},"end":{"line":38,"column":19}}],"line":31}},"s":{"0":51,"1":335,"2":335,"3":861,"4":335,"5":861,"6":0,"7":0,"8":335},"f":{"0":335,"1":861,"2":861,"3":0,"4":0},"b":{"0":[335,90]},"_coverageSchema":"43e27e138ebf9cfc5966b082cf9a028302ed4184","hash":"a368e0bb66c3ca454787740ecdda26a3466ea1c6"}
,"/Users/ryota.murakami/repository/create-react-app-typescript-todo-example-2020/src/App/Menu/style.ts": {"path":"/Users/ryota.murakami/repository/create-react-app-typescript-todo-example-2020/src/App/Menu/style.ts","statementMap":{"0":{"start":{"line":7,"column":25},"end":{"line":90,"column":1}}},"fnMap":{},"branchMap":{},"s":{"0":51},"f":{},"b":{},"_coverageSchema":"43e27e138ebf9cfc5966b082cf9a028302ed4184","hash":"f292aee8818f278d1d83c18b2de16a7ce48b341a"}
,"/Users/ryota.murakami/repository/create-react-app-typescript-todo-example-2020/src/App/Menu/FilterLink/index.tsx": {"path":"/Users/ryota.murakami/repository/create-react-app-typescript-todo-example-2020/src/App/Menu/FilterLink/index.tsx","statementMap":{"0":{"start":{"line":9,"column":36},"end":{"line":41,"column":1}},"1":{"start":{"line":10,"column":2},"end":{"line":40,"column":3}}},"fnMap":{"0":{"name":"(anonymous_0)","decl":{"start":{"line":9,"column":36},"end":{"line":9,"column":37}},"loc":{"start":{"line":9,"column":50},"end":{"line":41,"column":1}},"line":9}},"branchMap":{"0":{"loc":{"start":{"line":15,"column":21},"end":{"line":15,"column":51}},"type":"cond-expr","locations":[{"start":{"line":15,"column":36},"end":{"line":15,"column":46}},{"start":{"line":15,"column":49},"end":{"line":15,"column":51}}],"line":15},"1":{"loc":{"start":{"line":24,"column":21},"end":{"line":24,"column":57}},"type":"cond-expr","locations":[{"start":{"line":24,"column":42},"end":{"line":24,"column":52}},{"start":{"line":24,"column":55},"end":{"line":24,"column":57}}],"line":24},"2":{"loc":{"start":{"line":33,"column":21},"end":{"line":33,"column":60}},"type":"cond-expr","locations":[{"start":{"line":33,"column":45},"end":{"line":33,"column":55}},{"start":{"line":33,"column":58},"end":{"line":33,"column":60}}],"line":33}},"s":{"0":51,"1":335},"f":{"0":335},"b":{"0":[317,18],"1":[12,323],"2":[6,329]},"_coverageSchema":"43e27e138ebf9cfc5966b082cf9a028302ed4184","hash":"f22ff5518df2eb42515cee3be39e8a20abb83dff"}
,"/Users/ryota.murakami/repository/create-react-app-typescript-todo-example-2020/src/App/TodoList/index.tsx": {"path":"/Users/ryota.murakami/repository/create-react-app-typescript-todo-example-2020/src/App/TodoList/index.tsx","statementMap":{"0":{"start":{"line":11,"column":34},"end":{"line":54,"column":1}},"1":{"start":{"line":12,"column":34},"end":{"line":12,"column":57}},"2":{"start":{"line":16,"column":4},"end":{"line":16,"column":112}},"3":{"start":{"line":16,"column":70},"end":{"line":16,"column":107}},"4":{"start":{"line":19,"column":2},"end":{"line":53,"column":3}},"5":{"start":{"line":34,"column":14},"end":{"line":43,"column":15}},"6":{"start":{"line":36,"column":18},"end":{"line":36,"column":29}},"7":{"start":{"line":38,"column":18},"end":{"line":38,"column":46}},"8":{"start":{"line":40,"column":18},"end":{"line":40,"column":45}},"9":{"start":{"line":42,"column":18},"end":{"line":42,"column":29}},"10":{"start":{"line":47,"column":16},"end":{"line":47,"column":51}}},"fnMap":{"0":{"name":"(anonymous_0)","decl":{"start":{"line":11,"column":34},"end":{"line":11,"column":35}},"loc":{"start":{"line":11,"column":48},"end":{"line":54,"column":1}},"line":11},"1":{"name":"toggleAllCheckbox","decl":{"start":{"line":14,"column":11},"end":{"line":14,"column":28}},"loc":{"start":{"line":14,"column":75},"end":{"line":17,"column":3}},"line":14},"2":{"name":"(anonymous_2)","decl":{"start":{"line":16,"column":50},"end":{"line":16,"column":51}},"loc":{"start":{"line":16,"column":70},"end":{"line":16,"column":107}},"line":16},"3":{"name":"(anonymous_3)","decl":{"start":{"line":33,"column":20},"end":{"line":33,"column":21}},"loc":{"start":{"line":33,"column":42},"end":{"line":44,"column":13}},"line":33},"4":{"name":"(anonymous_4)","decl":{"start":{"line":46,"column":14},"end":{"line":46,"column":15}},"loc":{"start":{"line":46,"column":41},"end":{"line":48,"column":15}},"line":46}},"branchMap":{"0":{"loc":{"start":{"line":34,"column":14},"end":{"line":43,"column":15}},"type":"switch","locations":[{"start":{"line":35,"column":16},"end":{"line":36,"column":29}},{"start":{"line":37,"column":16},"end":{"line":38,"column":46}},{"start":{"line":39,"column":16},"end":{"line":40,"column":45}},{"start":{"line":41,"column":16},"end":{"line":42,"column":29}}],"line":34}},"s":{"0":51,"1":335,"2":10,"3":30,"4":335,"5":861,"6":807,"7":36,"8":18,"9":0,"10":838},"f":{"0":335,"1":10,"2":30,"3":861,"4":838},"b":{"0":[807,36,18,0]},"_coverageSchema":"43e27e138ebf9cfc5966b082cf9a028302ed4184","hash":"66be12b42fabdbf4f9a8a3e3d0db9bb0747237f7"}
,"/Users/ryota.murakami/repository/create-react-app-typescript-todo-example-2020/src/App/TodoList/style.ts": {"path":"/Users/ryota.murakami/repository/create-react-app-typescript-todo-example-2020/src/App/TodoList/style.ts","statementMap":{"0":{"start":{"line":7,"column":25},"end":{"line":66,"column":1}}},"fnMap":{},"branchMap":{},"s":{"0":51},"f":{},"b":{},"_coverageSchema":"43e27e138ebf9cfc5966b082cf9a028302ed4184","hash":"b1624df432e3707911ff75c8a4736ac6ce1444b9"}
,"/Users/ryota.murakami/repository/create-react-app-typescript-todo-example-2020/src/App/TodoList/Item/index.tsx": {"path":"/Users/ryota.murakami/repository/create-react-app-typescript-todo-example-2020/src/App/TodoList/Item/index.tsx","statementMap":{"0":{"start":{"line":14,"column":30},"end":{"line":139,"column":1}},"1":{"start":{"line":15,"column":34},"end":{"line":15,"column":57}},"2":{"start":{"line":16,"column":20},"end":{"line":16,"column":49}},"3":{"start":{"line":17,"column":22},"end":{"line":17,"column":39}},"4":{"start":{"line":18,"column":28},"end":{"line":18,"column":42}},"5":{"start":{"line":20,"column":24},"end":{"line":22,"column":3}},"6":{"start":{"line":21,"column":4},"end":{"line":21,"column":30}},"7":{"start":{"line":24,"column":21},"end":{"line":30,"column":3}},"8":{"start":{"line":25,"column":4},"end":{"line":29,"column":5}},"9":{"start":{"line":26,"column":6},"end":{"line":26,"column":33}},"10":{"start":{"line":28,"column":6},"end":{"line":28,"column":25}},"11":{"start":{"line":32,"column":25},"end":{"line":38,"column":3}},"12":{"start":{"line":33,"column":4},"end":{"line":37,"column":5}},"13":{"start":{"line":34,"column":6},"end":{"line":36,"column":7}},"14":{"start":{"line":35,"column":8},"end":{"line":35,"column":35}},"15":{"start":{"line":41,"column":22},"end":{"line":55,"column":3}},"16":{"start":{"line":42,"column":4},"end":{"line":54,"column":5}},"17":{"start":{"line":44,"column":8},"end":{"line":44,"column":34}},"18":{"start":{"line":46,"column":8},"end":{"line":46,"column":24}},"19":{"start":{"line":48,"column":8},"end":{"line":48,"column":26}},"20":{"start":{"line":50,"column":8},"end":{"line":50,"column":17}},"21":{"start":{"line":53,"column":8},"end":{"line":53,"column":17}},"22":{"start":{"line":57,"column":27},"end":{"line":70,"column":3}},"23":{"start":{"line":58,"column":34},"end":{"line":67,"column":6}},"24":{"start":{"line":60,"column":6},"end":{"line":66,"column":7}},"25":{"start":{"line":62,"column":8},"end":{"line":62,"column":48}},"26":{"start":{"line":65,"column":8},"end":{"line":65,"column":16}},"27":{"start":{"line":69,"column":4},"end":{"line":69,"column":38}},"28":{"start":{"line":72,"column":21},"end":{"line":78,"column":3}},"29":{"start":{"line":73,"column":34},"end":{"line":75,"column":5}},"30":{"start":{"line":74,"column":28},"end":{"line":74,"column":46}},"31":{"start":{"line":77,"column":4},"end":{"line":77,"column":38}},"32":{"start":{"line":80,"column":29},"end":{"line":92,"column":3}},"33":{"start":{"line":81,"column":19},"end":{"line":89,"column":5}},"34":{"start":{"line":83,"column":8},"end":{"line":87,"column":9}},"35":{"start":{"line":84,"column":10},"end":{"line":84,"column":51}},"36":{"start":{"line":86,"column":10},"end":{"line":86,"column":18}},"37":{"start":{"line":91,"column":4},"end":{"line":91,"column":37}},"38":{"start":{"line":94,"column":2},"end":{"line":98,"column":31}},"39":{"start":{"line":96,"column":4},"end":{"line":97,"column":31}},"40":{"start":{"line":97,"column":6},"end":{"line":97,"column":31}},"41":{"start":{"line":100,"column":2},"end":{"line":138,"column":3}},"42":{"start":{"line":108,"column":28},"end":{"line":108,"column":53}},"43":{"start":{"line":121,"column":27},"end":{"line":121,"column":46}},"44":{"start":{"line":128,"column":25},"end":{"line":128,"column":38}},"45":{"start":{"line":131,"column":27},"end":{"line":131,"column":57}},"46":{"start":{"line":132,"column":29},"end":{"line":132,"column":46}}},"fnMap":{"0":{"name":"(anonymous_0)","decl":{"start":{"line":14,"column":30},"end":{"line":14,"column":31}},"loc":{"start":{"line":14,"column":44},"end":{"line":139,"column":1}},"line":14},"1":{"name":"(anonymous_1)","decl":{"start":{"line":20,"column":24},"end":{"line":20,"column":25}},"loc":{"start":{"line":20,"column":36},"end":{"line":22,"column":3}},"line":20},"2":{"name":"(anonymous_2)","decl":{"start":{"line":24,"column":21},"end":{"line":24,"column":22}},"loc":{"start":{"line":24,"column":70},"end":{"line":30,"column":3}},"line":24},"3":{"name":"(anonymous_3)","decl":{"start":{"line":32,"column":25},"end":{"line":32,"column":26}},"loc":{"start":{"line":32,"column":77},"end":{"line":38,"column":3}},"line":32},"4":{"name":"(anonymous_4)","decl":{"start":{"line":41,"column":22},"end":{"line":41,"column":23}},"loc":{"start":{"line":41,"column":60},"end":{"line":55,"column":3}},"line":41},"5":{"name":"(anonymous_5)","decl":{"start":{"line":57,"column":27},"end":{"line":57,"column":28}},"loc":{"start":{"line":57,"column":53},"end":{"line":70,"column":3}},"line":57},"6":{"name":"(anonymous_6)","decl":{"start":{"line":58,"column":56},"end":{"line":58,"column":57}},"loc":{"start":{"line":58,"column":63},"end":{"line":67,"column":5}},"line":58},"7":{"name":"(anonymous_7)","decl":{"start":{"line":72,"column":21},"end":{"line":72,"column":22}},"loc":{"start":{"line":72,"column":54},"end":{"line":78,"column":3}},"line":72},"8":{"name":"(anonymous_8)","decl":{"start":{"line":74,"column":6},"end":{"line":74,"column":7}},"loc":{"start":{"line":74,"column":28},"end":{"line":74,"column":46}},"line":74},"9":{"name":"(anonymous_9)","decl":{"start":{"line":80,"column":29},"end":{"line":80,"column":30}},"loc":{"start":{"line":80,"column":99},"end":{"line":92,"column":3}},"line":80},"10":{"name":"(anonymous_10)","decl":{"start":{"line":82,"column":6},"end":{"line":82,"column":7}},"loc":{"start":{"line":82,"column":25},"end":{"line":88,"column":7}},"line":82},"11":{"name":"(anonymous_11)","decl":{"start":{"line":94,"column":12},"end":{"line":94,"column":13}},"loc":{"start":{"line":94,"column":18},"end":{"line":98,"column":3}},"line":94},"12":{"name":"(anonymous_12)","decl":{"start":{"line":108,"column":22},"end":{"line":108,"column":23}},"loc":{"start":{"line":108,"column":28},"end":{"line":108,"column":53}},"line":108},"13":{"name":"(anonymous_13)","decl":{"start":{"line":121,"column":21},"end":{"line":121,"column":22}},"loc":{"start":{"line":121,"column":27},"end":{"line":121,"column":46}},"line":121},"14":{"name":"(anonymous_14)","decl":{"start":{"line":128,"column":18},"end":{"line":128,"column":19}},"loc":{"start":{"line":128,"column":25},"end":{"line":128,"column":38}},"line":128},"15":{"name":"(anonymous_15)","decl":{"start":{"line":131,"column":20},"end":{"line":131,"column":21}},"loc":{"start":{"line":131,"column":27},"end":{"line":131,"column":57}},"line":131},"16":{"name":"(anonymous_16)","decl":{"start":{"line":132,"column":22},"end":{"line":132,"column":23}},"loc":{"start":{"line":132,"column":29},"end":{"line":132,"column":46}},"line":132}},"branchMap":{"0":{"loc":{"start":{"line":25,"column":4},"end":{"line":29,"column":5}},"type":"if","locations":[{"start":{"line":25,"column":4},"end":{"line":29,"column":5}},{"start":{"line":25,"column":4},"end":{"line":29,"column":5}}],"line":25},"1":{"loc":{"start":{"line":33,"column":4},"end":{"line":37,"column":5}},"type":"if","locations":[{"start":{"line":33,"column":4},"end":{"line":37,"column":5}},{"start":{"line":33,"column":4},"end":{"line":37,"column":5}}],"line":33},"2":{"loc":{"start":{"line":33,"column":8},"end":{"line":33,"column":47}},"type":"binary-expr","locations":[{"start":{"line":33,"column":8},"end":{"line":33,"column":25}},{"start":{"line":33,"column":29},"end":{"line":33,"column":47}}],"line":33},"3":{"loc":{"start":{"line":34,"column":6},"end":{"line":36,"column":7}},"type":"if","locations":[{"start":{"line":34,"column":6},"end":{"line":36,"column":7}},{"start":{"line":34,"column":6},"end":{"line":36,"column":7}}],"line":34},"4":{"loc":{"start":{"line":42,"column":4},"end":{"line":54,"column":5}},"type":"switch","locations":[{"start":{"line":43,"column":6},"end":{"line":44,"column":34}},{"start":{"line":45,"column":6},"end":{"line":46,"column":24}},{"start":{"line":47,"column":6},"end":{"line":48,"column":26}},{"start":{"line":49,"column":6},"end":{"line":50,"column":17}},{"start":{"line":52,"column":6},"end":{"line":53,"column":17}}],"line":42},"5":{"loc":{"start":{"line":43,"column":11},"end":{"line":43,"column":32}},"type":"binary-expr","locations":[{"start":{"line":43,"column":11},"end":{"line":43,"column":17}},{"start":{"line":43,"column":21},"end":{"line":43,"column":32}}],"line":43},"6":{"loc":{"start":{"line":45,"column":11},"end":{"line":45,"column":33}},"type":"binary-expr","locations":[{"start":{"line":45,"column":11},"end":{"line":45,"column":17}},{"start":{"line":45,"column":21},"end":{"line":45,"column":33}}],"line":45},"7":{"loc":{"start":{"line":47,"column":11},"end":{"line":47,"column":33}},"type":"binary-expr","locations":[{"start":{"line":47,"column":11},"end":{"line":47,"column":18}},{"start":{"line":47,"column":22},"end":{"line":47,"column":33}}],"line":47},"8":{"loc":{"start":{"line":49,"column":11},"end":{"line":49,"column":34}},"type":"binary-expr","locations":[{"start":{"line":49,"column":11},"end":{"line":49,"column":18}},{"start":{"line":49,"column":22},"end":{"line":49,"column":34}}],"line":49},"9":{"loc":{"start":{"line":60,"column":6},"end":{"line":66,"column":7}},"type":"if","locations":[{"start":{"line":60,"column":6},"end":{"line":66,"column":7}},{"start":{"line":60,"column":6},"end":{"line":66,"column":7}}],"line":60},"10":{"loc":{"start":{"line":83,"column":8},"end":{"line":87,"column":9}},"type":"if","locations":[{"start":{"line":83,"column":8},"end":{"line":87,"column":9}},{"start":{"line":83,"column":8},"end":{"line":87,"column":9}}],"line":83},"11":{"loc":{"start":{"line":96,"column":4},"end":{"line":97,"column":31}},"type":"if","locations":[{"start":{"line":96,"column":4},"end":{"line":97,"column":31}},{"start":{"line":96,"column":4},"end":{"line":97,"column":31}}],"line":96},"12":{"loc":{"start":{"line":96,"column":8},"end":{"line":96,"column":59}},"type":"binary-expr","locations":[{"start":{"line":96,"column":8},"end":{"line":96,"column":29}},{"start":{"line":96,"column":33},"end":{"line":96,"column":59}}],"line":96}},"s":{"0":51,"1":883,"2":883,"3":883,"4":883,"5":883,"6":17,"7":883,"8":17,"9":14,"10":3,"11":883,"12":132,"13":20,"14":14,"15":883,"16":883,"17":42,"18":96,"19":78,"20":667,"21":0,"22":883,"23":39,"24":117,"25":39,"26":78,"27":39,"28":883,"29":9,"30":27,"31":9,"32":883,"33":121,"34":363,"35":121,"36":242,"37":121,"38":883,"39":883,"40":138,"41":883,"42":39,"43":6,"44":17,"45":121,"46":132},"f":{"0":883,"1":17,"2":17,"3":132,"4":883,"5":39,"6":117,"7":9,"8":27,"9":121,"10":363,"11":883,"12":39,"13":6,"14":17,"15":121,"16":132},"b":{"0":[14,3],"1":[20,112],"2":[132,112],"3":[14,6],"4":[42,96,78,667,0],"5":[883,138],"6":[841,96],"7":[745,745],"8":[667,667],"9":[39,78],"10":[121,242],"11":[138,745],"12":[883,138]},"_coverageSchema":"43e27e138ebf9cfc5966b082cf9a028302ed4184","hash":"bb6214fad870ae290e618bc2be7da50820dc44fd"}
,"/Users/ryota.murakami/repository/create-react-app-typescript-todo-example-2020/src/App/TodoList/Item/style.ts": {"path":"/Users/ryota.murakami/repository/create-react-app-typescript-todo-example-2020/src/App/TodoList/Item/style.ts","statementMap":{"0":{"start":{"line":8,"column":25},"end":{"line":113,"column":1}}},"fnMap":{},"branchMap":{},"s":{"0":51},"f":{},"b":{},"_coverageSchema":"43e27e138ebf9cfc5966b082cf9a028302ed4184","hash":"4ed4a9a2c565c10f09527d5a458f057e0a0bd2b0"}
,"/Users/ryota.murakami/repository/create-react-app-typescript-todo-example-2020/src/App/TodoTextInput/index.tsx": {"path":"/Users/ryota.murakami/repository/create-react-app-typescript-todo-example-2020/src/App/TodoTextInput/index.tsx","statementMap":{"0":{"start":{"line":7,"column":32},"end":{"line":48,"column":1}},"1":{"start":{"line":8,"column":34},"end":{"line":8,"column":57}},"2":{"start":{"line":9,"column":20},"end":{"line":9,"column":49}},"3":{"start":{"line":12,"column":4},"end":{"line":12,"column":42}},"4":{"start":{"line":12,"column":36},"end":{"line":12,"column":42}},"5":{"start":{"line":13,"column":4},"end":{"line":28,"column":5}},"6":{"start":{"line":17,"column":25},"end":{"line":21,"column":7}},"7":{"start":{"line":24,"column":6},"end":{"line":24,"column":61}},"8":{"start":{"line":27,"column":6},"end":{"line":27,"column":34}},"9":{"start":{"line":31,"column":2},"end":{"line":47,"column":3}},"10":{"start":{"line":40,"column":68},"end":{"line":40,"column":78}}},"fnMap":{"0":{"name":"(anonymous_0)","decl":{"start":{"line":7,"column":32},"end":{"line":7,"column":33}},"loc":{"start":{"line":7,"column":38},"end":{"line":48,"column":1}},"line":7},"1":{"name":"addTodo","decl":{"start":{"line":11,"column":11},"end":{"line":11,"column":18}},"loc":{"start":{"line":11,"column":67},"end":{"line":29,"column":3}},"line":11},"2":{"name":"(anonymous_2)","decl":{"start":{"line":40,"column":22},"end":{"line":40,"column":23}},"loc":{"start":{"line":40,"column":68},"end":{"line":40,"column":78}},"line":40}},"branchMap":{"0":{"loc":{"start":{"line":12,"column":4},"end":{"line":12,"column":42}},"type":"if","locations":[{"start":{"line":12,"column":4},"end":{"line":12,"column":42}},{"start":{"line":12,"column":4},"end":{"line":12,"column":42}}],"line":12},"1":{"loc":{"start":{"line":13,"column":4},"end":{"line":28,"column":5}},"type":"if","locations":[{"start":{"line":13,"column":4},"end":{"line":28,"column":5}},{"start":{"line":13,"column":4},"end":{"line":28,"column":5}}],"line":13},"2":{"loc":{"start":{"line":13,"column":8},"end":{"line":13,"column":70}},"type":"binary-expr","locations":[{"start":{"line":13,"column":8},"end":{"line":13,"column":25}},{"start":{"line":13,"column":29},"end":{"line":13,"column":70}}],"line":13}},"s":{"0":51,"1":383,"2":383,"3":694,"4":0,"5":694,"6":135,"7":135,"8":135,"9":383,"10":694},"f":{"0":383,"1":694,"2":694},"b":{"0":[0,694],"1":[135,559],"2":[694,138]},"_coverageSchema":"43e27e138ebf9cfc5966b082cf9a028302ed4184","hash":"427603ad7914e85033195893a9174a085402df3e"}
,"/Users/ryota.murakami/repository/create-react-app-typescript-todo-example-2020/src/App/TodoTextInput/style.ts": {"path":"/Users/ryota.murakami/repository/create-react-app-typescript-todo-example-2020/src/App/TodoTextInput/style.ts","statementMap":{"0":{"start":{"line":8,"column":25},"end":{"line":16,"column":1}}},"fnMap":{},"branchMap":{},"s":{"0":51},"f":{},"b":{},"_coverageSchema":"43e27e138ebf9cfc5966b082cf9a028302ed4184","hash":"fa393a93b7c1cecc24b851a815be43b2f76bb6e9"}
}
