TN:
SF:src/ErrorBoundary.tsx
FN:18,(anonymous_0)
FN:22,(anonymous_1)
FN:49,(anonymous_2)
FNF:3
FNH:1
FNDA:0,(anonymous_0)
FNDA:62,(anonymous_1)
FNDA:0,(anonymous_2)
DA:13,62
DA:19,0
DA:23,62
DA:24,62
DA:25,0
DA:27,62
DA:33,62
DA:41,62
DA:49,62
DA:50,0
LF:10
LH:7
BRDA:24,0,0,0
BRDA:24,0,1,62
BRF:2
BRH:1
end_of_record
TN:
SF:src/NotFound.tsx
FN:12,(anonymous_0)
FNF:1
FNH:1
FNDA:4,(anonymous_0)
DA:4,62
DA:12,62
DA:13,4
LF:3
LH:3
BRF:0
BRH:0
end_of_record
TN:
SF:src/dataStructure.ts
FN:21,LoadAppStateFromLocalStorage
FNF:1
FNH:1
FNDA:62,LoadAppStateFromLocalStorage
DA:22,62
DA:25,62
DA:26,0
DA:27,0
DA:30,62
DA:34,62
DA:37,62
LF:7
LH:5
BRDA:25,0,0,0
BRDA:25,0,1,62
BRF:2
BRH:1
end_of_record
TN:
SF:src/functions.ts
FN:1,(anonymous_0)
FNF:1
FNH:1
FNDA:162,(anonymous_0)
DA:1,62
DA:2,162
DA:4,162
DA:5,162
DA:6,162
DA:7,1944
DA:9,162
LF:7
LH:7
BRF:0
BRH:0
end_of_record
TN:
SF:src/index.tsx
FN:15,(anonymous_0)
FNF:1
FNH:1
FNDA:82,(anonymous_0)
DA:15,82
DA:17,62
DA:34,62
LF:3
LH:3
BRF:0
BRH:0
end_of_record
TN:
SF:src/App/Copyright.tsx
FN:3,(anonymous_0)
FNF:1
FNH:1
FNDA:538,(anonymous_0)
DA:3,62
DA:4,538
LF:2
LH:2
BRF:0
BRH:0
end_of_record
TN:
SF:src/App/index.tsx
FN:20,(anonymous_0)
FN:24,(anonymous_1)
FNF:2
FNH:2
FNDA:538,(anonymous_0)
FNDA:456,(anonymous_1)
DA:20,62
DA:21,538
DA:24,538
DA:25,456
DA:31,538
LF:5
LH:5
BRDA:35,0,0,422
BRDA:35,0,1,116
BRF:2
BRH:2
end_of_record
TN:
SF:src/App/style.ts
FNF:0
FNH:0
DA:7,62
DA:69,62
LF:2
LH:2
BRF:0
BRH:0
end_of_record
TN:
SF:src/App/NewTodoInput/index.tsx
FN:7,(anonymous_0)
FN:11,addTodo
FN:40,(anonymous_2)
FNF:3
FNH:3
FNDA:538,(anonymous_0)
FNDA:828,addTodo
FNDA:828,(anonymous_2)
DA:7,62
DA:8,538
DA:9,538
DA:12,828
DA:13,828
DA:17,162
DA:24,162
DA:27,162
DA:31,538
DA:40,828
LF:10
LH:10
BRDA:12,0,0,0
BRDA:12,0,1,828
BRDA:13,1,0,162
BRDA:13,1,1,666
BRDA:13,2,0,828
BRDA:13,2,1,166
BRF:6
BRH:5
end_of_record
TN:
SF:src/App/NewTodoInput/style.ts
FNF:0
FNH:0
DA:8,62
LF:1
LH:1
BRF:0
BRH:0
end_of_record
TN:
SF:src/App/TodoList/index.tsx
FN:11,(anonymous_0)
FN:14,toggleAllCheckbox
FN:16,(anonymous_2)
FN:33,(anonymous_3)
FN:46,(anonymous_4)
FNF:5
FNH:5
FNDA:476,(anonymous_0)
FNDA:12,toggleAllCheckbox
FNDA:36,(anonymous_2)
FNDA:1146,(anonymous_3)
FNDA:1094,(anonymous_4)
DA:11,62
DA:12,476
DA:16,36
DA:19,476
DA:34,1146
DA:36,1038
DA:38,60
DA:40,48
DA:42,0
DA:47,1094
LF:10
LH:9
BRDA:34,0,0,1038
BRDA:34,0,1,60
BRDA:34,0,2,48
BRDA:34,0,3,0
BRF:4
BRH:3
end_of_record
TN:
SF:src/App/TodoList/style.ts
FNF:0
FNH:0
DA:7,62
LF:1
LH:1
BRF:0
BRH:0
end_of_record
TN:
SF:src/App/TodoList/Item/index.tsx
FN:19,(anonymous_0)
FN:25,(anonymous_1)
FN:29,(anonymous_2)
FN:37,(anonymous_3)
FN:46,(anonymous_4)
FN:62,(anonymous_5)
FN:63,(anonymous_6)
FN:77,(anonymous_7)
FN:79,(anonymous_8)
FN:85,(anonymous_9)
FN:87,(anonymous_10)
FN:99,(anonymous_11)
FN:113,(anonymous_12)
FN:126,(anonymous_13)
FN:133,(anonymous_14)
FN:136,(anonymous_15)
FN:137,(anonymous_16)
FNF:17
FNH:17
FNDA:1254,(anonymous_0)
FNDA:20,(anonymous_1)
FNDA:20,(anonymous_2)
FNDA:156,(anonymous_3)
FNDA:1254,(anonymous_4)
FNDA:44,(anonymous_5)
FNDA:132,(anonymous_6)
FNDA:12,(anonymous_7)
FNDA:36,(anonymous_8)
FNDA:144,(anonymous_9)
FNDA:432,(anonymous_10)
FNDA:1254,(anonymous_11)
FNDA:44,(anonymous_12)
FNDA:8,(anonymous_13)
FNDA:20,(anonymous_14)
FNDA:144,(anonymous_15)
FNDA:156,(anonymous_16)
DA:19,62
DA:20,1254
DA:21,1254
DA:22,1254
DA:23,1254
DA:25,1254
DA:26,20
DA:29,1254
DA:30,20
DA:31,16
DA:33,4
DA:37,1254
DA:38,156
DA:39,24
DA:40,16
DA:46,1254
DA:47,1254
DA:49,48
DA:51,116
DA:53,98
DA:55,992
DA:58,0
DA:62,1254
DA:63,44
DA:65,132
DA:67,44
DA:70,88
DA:74,44
DA:77,1254
DA:78,12
DA:79,36
DA:82,12
DA:85,1254
DA:86,144
DA:88,432
DA:89,144
DA:91,288
DA:96,144
DA:99,1254
DA:101,1254
DA:102,164
DA:105,1254
DA:113,44
DA:126,8
DA:133,20
DA:136,144
DA:137,156
LF:47
LH:46
BRDA:30,0,0,16
BRDA:30,0,1,4
BRDA:38,1,0,24
BRDA:38,1,1,132
BRDA:38,2,0,156
BRDA:38,2,1,132
BRDA:39,3,0,16
BRDA:39,3,1,8
BRDA:47,4,0,48
BRDA:47,4,1,116
BRDA:47,4,2,98
BRDA:47,4,3,992
BRDA:47,4,4,0
BRDA:48,5,0,1254
BRDA:48,5,1,164
BRDA:50,6,0,1206
BRDA:50,6,1,116
BRDA:52,7,0,1090
BRDA:52,7,1,1090
BRDA:54,8,0,992
BRDA:54,8,1,992
BRDA:65,9,0,44
BRDA:65,9,1,88
BRDA:88,10,0,144
BRDA:88,10,1,288
BRDA:101,11,0,164
BRDA:101,11,1,1090
BRDA:101,12,0,1254
BRDA:101,12,1,164
BRF:29
BRH:28
end_of_record
TN:
SF:src/App/TodoList/Item/style.ts
FNF:0
FNH:0
DA:8,62
LF:1
LH:1
BRF:0
BRH:0
end_of_record
TN:
SF:src/App/UnderBar/index.tsx
FN:11,(anonymous_0)
FN:13,(anonymous_1)
FN:14,(anonymous_2)
FN:16,clearCompleted
FN:18,(anonymous_4)
FNF:5
FNH:3
FNDA:476,(anonymous_0)
FNDA:1146,(anonymous_1)
FNDA:1146,(anonymous_2)
FNDA:0,clearCompleted
FNDA:0,(anonymous_4)
DA:11,62
DA:12,476
DA:13,1146
DA:14,1146
DA:17,0
DA:18,0
DA:22,476
LF:7
LH:5
BRDA:31,0,0,476
BRDA:31,0,1,114
BRF:2
BRH:2
end_of_record
TN:
SF:src/App/UnderBar/style.ts
FNF:0
FNH:0
DA:7,62
LF:1
LH:1
BRF:0
BRH:0
end_of_record
TN:
SF:src/App/UnderBar/FilterLink/index.tsx
FN:9,(anonymous_0)
FNF:1
FNH:1
FNDA:476,(anonymous_0)
DA:9,62
DA:10,476
LF:2
LH:2
BRDA:15,0,0,440
BRDA:15,0,1,36
BRDA:24,1,0,20
BRDA:24,1,1,456
BRDA:33,2,0,16
BRDA:33,2,1,460
BRF:6
BRH:6
end_of_record
