TN:
SF:src/ErrorBoundary.js
FN:13,(anonymous_0)
FN:17,(anonymous_1)
FN:44,(anonymous_2)
FNF:3
FNH:1
FNDA:0,(anonymous_0)
FNDA:51,(anonymous_1)
FNDA:0,(anonymous_2)
DA:8,51
DA:14,0
DA:18,51
DA:19,51
DA:20,0
DA:22,51
DA:28,51
DA:36,51
DA:44,51
DA:45,0
LF:10
LH:7
BRDA:19,0,0,0
BRDA:19,0,1,51
BRF:2
BRH:1
end_of_record
TN:
SF:src/NotFound.tsx
FN:12,(anonymous_0)
FNF:1
FNH:1
FNDA:3,(anonymous_0)
DA:4,51
DA:12,51
DA:13,3
LF:3
LH:3
BRF:0
BRH:0
end_of_record
TN:
SF:src/functions.ts
FN:1,(anonymous_0)
FNF:1
FNH:1
FNDA:135,(anonymous_0)
DA:1,51
DA:2,135
DA:4,135
DA:5,135
DA:6,135
DA:7,1620
DA:9,135
LF:7
LH:7
BRF:0
BRH:0
end_of_record
TN:
SF:src/index.tsx
FN:29,LoadingAppStateFromLocalStorage
FN:46,(anonymous_1)
FNF:2
FNH:2
FNDA:51,LoadingAppStateFromLocalStorage
FNDA:69,(anonymous_1)
DA:25,51
DA:30,51
DA:33,51
DA:34,0
DA:35,0
DA:38,51
DA:41,51
DA:46,69
DA:48,51
DA:65,51
LF:10
LH:8
BRDA:33,0,0,0
BRDA:33,0,1,51
BRF:2
BRH:1
end_of_record
TN:
SF:src/serviceWorker.ts
FN:28,register
FN:42,(anonymous_1)
FN:51,(anonymous_2)
FN:66,registerValidSW
FN:69,(anonymous_4)
FN:70,(anonymous_5)
FN:75,(anonymous_6)
FN:107,(anonymous_7)
FN:113,checkValidServiceWorker
FN:116,(anonymous_9)
FN:124,(anonymous_10)
FN:125,(anonymous_11)
FN:134,(anonymous_12)
FN:142,unregister
FN:144,(anonymous_14)
FNF:15
FNH:1
FNDA:51,register
FNDA:0,(anonymous_1)
FNDA:0,(anonymous_2)
FNDA:0,registerValidSW
FNDA:0,(anonymous_4)
FNDA:0,(anonymous_5)
FNDA:0,(anonymous_6)
FNDA:0,(anonymous_7)
FNDA:0,checkValidServiceWorker
FNDA:0,(anonymous_9)
FNDA:0,(anonymous_10)
FNDA:0,(anonymous_11)
FNDA:0,(anonymous_12)
FNDA:0,unregister
FNDA:0,(anonymous_14)
DA:13,51
DA:29,51
DA:31,0
DA:35,0
DA:39,0
DA:42,0
DA:43,0
DA:45,0
DA:47,0
DA:51,0
DA:53,0
DA:60,0
DA:67,0
DA:70,0
DA:71,0
DA:72,0
DA:73,0
DA:75,0
DA:76,0
DA:77,0
DA:82,0
DA:88,0
DA:89,0
DA:96,0
DA:99,0
DA:100,0
DA:109,0
DA:115,0
DA:118,0
DA:119,0
DA:124,0
DA:125,0
DA:126,0
DA:131,0
DA:136,0
DA:143,0
DA:144,0
DA:145,0
LF:38
LH:2
BRDA:14,0,0,51
BRDA:14,0,1,0
BRDA:14,0,2,0
BRDA:29,1,0,0
BRDA:29,1,1,51
BRDA:29,2,0,51
BRDA:29,2,1,0
BRDA:35,3,0,0
BRDA:35,3,1,0
BRDA:45,4,0,0
BRDA:45,4,1,0
BRDA:72,5,0,0
BRDA:72,5,1,0
BRDA:76,6,0,0
BRDA:76,6,1,0
BRDA:77,7,0,0
BRDA:77,7,1,0
BRDA:88,8,0,0
BRDA:88,8,1,0
BRDA:88,9,0,0
BRDA:88,9,1,0
BRDA:99,10,0,0
BRDA:99,10,1,0
BRDA:99,11,0,0
BRDA:99,11,1,0
BRDA:119,12,0,0
BRDA:119,12,1,0
BRDA:120,13,0,0
BRDA:120,13,1,0
BRDA:120,13,2,0
BRDA:143,14,0,0
BRDA:143,14,1,0
BRF:32
BRH:3
end_of_record
TN:
SF:src/App/Copyright.tsx
FN:3,(anonymous_0)
FNF:1
FNH:1
FNDA:383,(anonymous_0)
DA:3,51
DA:4,383
LF:2
LH:2
BRF:0
BRH:0
end_of_record
TN:
SF:src/App/index.tsx
FN:19,(anonymous_0)
FN:23,(anonymous_1)
FNF:2
FNH:2
FNDA:383,(anonymous_0)
FNDA:383,(anonymous_1)
DA:19,51
DA:20,383
DA:23,383
DA:24,383
DA:30,383
LF:5
LH:5
BRDA:34,0,0,335
BRDA:34,0,1,48
BRF:2
BRH:2
end_of_record
TN:
SF:src/App/style.ts
FNF:0
FNH:0
DA:7,51
DA:69,51
LF:2
LH:2
BRF:0
BRH:0
end_of_record
TN:
SF:src/App/Menu/index.tsx
FN:11,(anonymous_0)
FN:13,(anonymous_1)
FN:14,(anonymous_2)
FN:16,clearCompleted
FN:18,(anonymous_4)
FNF:5
FNH:3
FNDA:335,(anonymous_0)
FNDA:861,(anonymous_1)
FNDA:861,(anonymous_2)
FNDA:0,clearCompleted
FNDA:0,(anonymous_4)
DA:11,51
DA:12,335
DA:13,861
DA:14,861
DA:17,0
DA:18,0
DA:22,335
LF:7
LH:5
BRDA:31,0,0,335
BRDA:31,0,1,90
BRF:2
BRH:2
end_of_record
TN:
SF:src/App/Menu/style.ts
FNF:0
FNH:0
DA:7,51
LF:1
LH:1
BRF:0
BRH:0
end_of_record
TN:
SF:src/App/Menu/FilterLink/index.tsx
FN:9,(anonymous_0)
FNF:1
FNH:1
FNDA:335,(anonymous_0)
DA:9,51
DA:10,335
LF:2
LH:2
BRDA:15,0,0,317
BRDA:15,0,1,18
BRDA:24,1,0,12
BRDA:24,1,1,323
BRDA:33,2,0,6
BRDA:33,2,1,329
BRF:6
BRH:6
end_of_record
TN:
SF:src/App/TodoList/index.tsx
FN:11,(anonymous_0)
FN:14,toggleAllCheckbox
FN:16,(anonymous_2)
FN:33,(anonymous_3)
FN:46,(anonymous_4)
FNF:5
FNH:5
FNDA:335,(anonymous_0)
FNDA:10,toggleAllCheckbox
FNDA:30,(anonymous_2)
FNDA:861,(anonymous_3)
FNDA:838,(anonymous_4)
DA:11,51
DA:12,335
DA:16,30
DA:19,335
DA:34,861
DA:36,807
DA:38,36
DA:40,18
DA:42,0
DA:47,838
LF:10
LH:9
BRDA:34,0,0,807
BRDA:34,0,1,36
BRDA:34,0,2,18
BRDA:34,0,3,0
BRF:4
BRH:3
end_of_record
TN:
SF:src/App/TodoList/style.ts
FNF:0
FNH:0
DA:7,51
LF:1
LH:1
BRF:0
BRH:0
end_of_record
TN:
SF:src/App/TodoList/Item/index.tsx
FN:14,(anonymous_0)
FN:20,(anonymous_1)
FN:24,(anonymous_2)
FN:32,(anonymous_3)
FN:41,(anonymous_4)
FN:57,(anonymous_5)
FN:58,(anonymous_6)
FN:72,(anonymous_7)
FN:74,(anonymous_8)
FN:80,(anonymous_9)
FN:82,(anonymous_10)
FN:94,(anonymous_11)
FN:108,(anonymous_12)
FN:121,(anonymous_13)
FN:128,(anonymous_14)
FN:131,(anonymous_15)
FN:132,(anonymous_16)
FNF:17
FNH:17
FNDA:883,(anonymous_0)
FNDA:17,(anonymous_1)
FNDA:17,(anonymous_2)
FNDA:132,(anonymous_3)
FNDA:883,(anonymous_4)
FNDA:39,(anonymous_5)
FNDA:117,(anonymous_6)
FNDA:9,(anonymous_7)
FNDA:27,(anonymous_8)
FNDA:121,(anonymous_9)
FNDA:363,(anonymous_10)
FNDA:883,(anonymous_11)
FNDA:39,(anonymous_12)
FNDA:6,(anonymous_13)
FNDA:17,(anonymous_14)
FNDA:121,(anonymous_15)
FNDA:132,(anonymous_16)
DA:14,51
DA:15,883
DA:16,883
DA:17,883
DA:18,883
DA:20,883
DA:21,17
DA:24,883
DA:25,17
DA:26,14
DA:28,3
DA:32,883
DA:33,132
DA:34,20
DA:35,14
DA:41,883
DA:42,883
DA:44,42
DA:46,96
DA:48,78
DA:50,667
DA:53,0
DA:57,883
DA:58,39
DA:60,117
DA:62,39
DA:65,78
DA:69,39
DA:72,883
DA:73,9
DA:74,27
DA:77,9
DA:80,883
DA:81,121
DA:83,363
DA:84,121
DA:86,242
DA:91,121
DA:94,883
DA:96,883
DA:97,138
DA:100,883
DA:108,39
DA:121,6
DA:128,17
DA:131,121
DA:132,132
LF:47
LH:46
BRDA:25,0,0,14
BRDA:25,0,1,3
BRDA:33,1,0,20
BRDA:33,1,1,112
BRDA:33,2,0,132
BRDA:33,2,1,112
BRDA:34,3,0,14
BRDA:34,3,1,6
BRDA:42,4,0,42
BRDA:42,4,1,96
BRDA:42,4,2,78
BRDA:42,4,3,667
BRDA:42,4,4,0
BRDA:43,5,0,883
BRDA:43,5,1,138
BRDA:45,6,0,841
BRDA:45,6,1,96
BRDA:47,7,0,745
BRDA:47,7,1,745
BRDA:49,8,0,667
BRDA:49,8,1,667
BRDA:60,9,0,39
BRDA:60,9,1,78
BRDA:83,10,0,121
BRDA:83,10,1,242
BRDA:96,11,0,138
BRDA:96,11,1,745
BRDA:96,12,0,883
BRDA:96,12,1,138
BRF:29
BRH:28
end_of_record
TN:
SF:src/App/TodoList/Item/style.ts
FNF:0
FNH:0
DA:8,51
LF:1
LH:1
BRF:0
BRH:0
end_of_record
TN:
SF:src/App/TodoTextInput/index.tsx
FN:7,(anonymous_0)
FN:11,addTodo
FN:40,(anonymous_2)
FNF:3
FNH:3
FNDA:383,(anonymous_0)
FNDA:694,addTodo
FNDA:694,(anonymous_2)
DA:7,51
DA:8,383
DA:9,383
DA:12,694
DA:13,694
DA:17,135
DA:24,135
DA:27,135
DA:31,383
DA:40,694
LF:10
LH:10
BRDA:12,0,0,0
BRDA:12,0,1,694
BRDA:13,1,0,135
BRDA:13,1,1,559
BRDA:13,2,0,694
BRDA:13,2,1,138
BRF:6
BRH:5
end_of_record
TN:
SF:src/App/TodoTextInput/style.ts
FNF:0
FNH:0
DA:8,51
LF:1
LH:1
BRF:0
BRH:0
end_of_record
